  [1m[35m (204.2ms)[0m  [1m[35mCREATE DATABASE "myreddit_development" ENCODING = 'unicode'[0m
  ↳ bin/rails:9
  [1m[35m (215.3ms)[0m  [1m[35mCREATE DATABASE "myreddit_test" ENCODING = 'unicode'[0m
  ↳ bin/rails:9
  [1m[35m (12.3ms)[0m  [1m[35mCREATE TABLE "schema_migrations" ("version" character varying NOT NULL PRIMARY KEY)[0m
  ↳ bin/rails:9
  [1m[35m (8.0ms)[0m  [1m[35mCREATE TABLE "ar_internal_metadata" ("key" character varying NOT NULL PRIMARY KEY, "value" character varying, "created_at" timestamp NOT NULL, "updated_at" timestamp NOT NULL)[0m
  ↳ bin/rails:9
  [1m[35m (0.4ms)[0m  [1m[34mSELECT pg_try_advisory_lock(7844255861519607075)[0m
  ↳ bin/rails:9
  [1m[35m (1.1ms)[0m  [1m[34mSELECT "schema_migrations"."version" FROM "schema_migrations" ORDER BY "schema_migrations"."version" ASC[0m
  ↳ bin/rails:9
Migrating to CreateUsers (20200130210227)
  [1m[35m (0.2ms)[0m  [1m[35mBEGIN[0m
  ↳ bin/rails:9
  [1m[35m (19.1ms)[0m  [1m[35mCREATE TABLE "users" ("id" bigserial primary key, "username" character varying NOT NULL, "password_digest" character varying NOT NULL, "session_token" character varying NOT NULL, "created_at" timestamp NOT NULL, "updated_at" timestamp NOT NULL)[0m
  ↳ db/migrate/20200130210227_create_users.rb:3
  [1m[35m (5.2ms)[0m  [1m[35mCREATE UNIQUE INDEX  "index_users_on_username_and_session_token" ON "users"  ("username", "session_token")[0m
  ↳ db/migrate/20200130210227_create_users.rb:11
  [1m[36mActiveRecord::SchemaMigration Create (0.8ms)[0m  [1m[32mINSERT INTO "schema_migrations" ("version") VALUES ($1) RETURNING "version"[0m  [["version", "20200130210227"]]
  ↳ bin/rails:9
  [1m[35m (1.3ms)[0m  [1m[35mCOMMIT[0m
  ↳ bin/rails:9
  [1m[36mActiveRecord::InternalMetadata Load (0.5ms)[0m  [1m[34mSELECT  "ar_internal_metadata".* FROM "ar_internal_metadata" WHERE "ar_internal_metadata"."key" = $1 LIMIT $2[0m  [["key", "environment"], ["LIMIT", 1]]
  ↳ bin/rails:9
  [1m[35m (0.2ms)[0m  [1m[35mBEGIN[0m
  ↳ bin/rails:9
  [1m[36mActiveRecord::InternalMetadata Create (0.6ms)[0m  [1m[32mINSERT INTO "ar_internal_metadata" ("key", "value", "created_at", "updated_at") VALUES ($1, $2, $3, $4) RETURNING "key"[0m  [["key", "environment"], ["value", "development"], ["created_at", "2020-01-30 21:04:57.654042"], ["updated_at", "2020-01-30 21:04:57.654042"]]
  ↳ bin/rails:9
  [1m[35m (1.4ms)[0m  [1m[35mCOMMIT[0m
  ↳ bin/rails:9
  [1m[35m (0.3ms)[0m  [1m[34mSELECT pg_advisory_unlock(7844255861519607075)[0m
  ↳ bin/rails:9
  [1m[35m (0.5ms)[0m  [1m[34mSELECT "schema_migrations"."version" FROM "schema_migrations" ORDER BY "schema_migrations"."version" ASC[0m
  ↳ bin/rails:9
  [1m[35m (0.2ms)[0m  [1m[34mSELECT pg_try_advisory_lock(7844255861519607075)[0m
  ↳ bin/rails:9
  [1m[35m (1.3ms)[0m  [1m[34mSELECT "schema_migrations"."version" FROM "schema_migrations" ORDER BY "schema_migrations"."version" ASC[0m
  ↳ bin/rails:9
Migrating to CreateSubs (20200130215146)
  [1m[35m (0.3ms)[0m  [1m[35mBEGIN[0m
  ↳ bin/rails:9
  [1m[35m (17.2ms)[0m  [1m[35mCREATE TABLE "subs" ("id" bigserial primary key, "title" character varying NOT NULL, "description" text NOT NULL, "moderator_id" integer NOT NULL, "created_at" timestamp NOT NULL, "updated_at" timestamp NOT NULL)[0m
  ↳ db/migrate/20200130215146_create_subs.rb:3
  [1m[36mActiveRecord::SchemaMigration Create (0.5ms)[0m  [1m[32mINSERT INTO "schema_migrations" ("version") VALUES ($1) RETURNING "version"[0m  [["version", "20200130215146"]]
  ↳ bin/rails:9
  [1m[35m (1.8ms)[0m  [1m[35mCOMMIT[0m
  ↳ bin/rails:9
  [1m[36mActiveRecord::InternalMetadata Load (0.9ms)[0m  [1m[34mSELECT  "ar_internal_metadata".* FROM "ar_internal_metadata" WHERE "ar_internal_metadata"."key" = $1 LIMIT $2[0m  [["key", "environment"], ["LIMIT", 1]]
  ↳ bin/rails:9
  [1m[35m (0.2ms)[0m  [1m[35mBEGIN[0m
  ↳ bin/rails:9
  [1m[35m (0.2ms)[0m  [1m[35mCOMMIT[0m
  ↳ bin/rails:9
  [1m[35m (0.3ms)[0m  [1m[34mSELECT pg_advisory_unlock(7844255861519607075)[0m
  ↳ bin/rails:9
  [1m[35m (0.5ms)[0m  [1m[34mSELECT "schema_migrations"."version" FROM "schema_migrations" ORDER BY "schema_migrations"."version" ASC[0m
  ↳ bin/rails:9
  [1m[35m (0.8ms)[0m  [1m[34mSELECT pg_try_advisory_lock(7844255861519607075)[0m
  ↳ bin/rails:9
  [1m[35m (2.9ms)[0m  [1m[34mSELECT "schema_migrations"."version" FROM "schema_migrations" ORDER BY "schema_migrations"."version" ASC[0m
  ↳ bin/rails:9
Migrating to CreatePosts (20200130222741)
  [1m[35m (0.3ms)[0m  [1m[35mBEGIN[0m
  ↳ bin/rails:9
  [1m[35m (25.2ms)[0m  [1m[35mCREATE TABLE "posts" ("id" bigserial primary key, "title" character varying NOT NULL, "url" character varying, "content" text, "sub_id" integer NOT NULL, "author_id" integer NOT NULL, "created_at" timestamp NOT NULL, "updated_at" timestamp NOT NULL)[0m
  ↳ db/migrate/20200130222741_create_posts.rb:3
  [1m[36mActiveRecord::SchemaMigration Create (0.9ms)[0m  [1m[32mINSERT INTO "schema_migrations" ("version") VALUES ($1) RETURNING "version"[0m  [["version", "20200130222741"]]
  ↳ bin/rails:9
  [1m[35m (1.8ms)[0m  [1m[35mCOMMIT[0m
  ↳ bin/rails:9
  [1m[36mActiveRecord::InternalMetadata Load (1.1ms)[0m  [1m[34mSELECT  "ar_internal_metadata".* FROM "ar_internal_metadata" WHERE "ar_internal_metadata"."key" = $1 LIMIT $2[0m  [["key", "environment"], ["LIMIT", 1]]
  ↳ bin/rails:9
  [1m[35m (0.2ms)[0m  [1m[35mBEGIN[0m
  ↳ bin/rails:9
  [1m[35m (0.6ms)[0m  [1m[35mCOMMIT[0m
  ↳ bin/rails:9
  [1m[35m (0.4ms)[0m  [1m[34mSELECT pg_advisory_unlock(7844255861519607075)[0m
  ↳ bin/rails:9
  [1m[35m (1.3ms)[0m  [1m[34mSELECT "schema_migrations"."version" FROM "schema_migrations" ORDER BY "schema_migrations"."version" ASC[0m
  ↳ bin/rails:9
Started GET "/bands" for ::1 at 2020-01-30 15:17:05 -0800
  [1m[35m (1.3ms)[0m  [1m[34mSELECT "schema_migrations"."version" FROM "schema_migrations" ORDER BY "schema_migrations"."version" ASC[0m
  ↳ /Users/jayasreesuryadevara/.rvm/gems/ruby-2.5.1/gems/activerecord-5.2.4.1/lib/active_record/log_subscriber.rb:98
  
ActionController::RoutingError (No route matches [GET] "/bands"):
  
actionpack (5.2.4.1) lib/action_dispatch/middleware/debug_exceptions.rb:65:in `call'
web-console (3.7.0) lib/web_console/middleware.rb:135:in `call_app'
web-console (3.7.0) lib/web_console/middleware.rb:30:in `block in call'
web-console (3.7.0) lib/web_console/middleware.rb:20:in `catch'
web-console (3.7.0) lib/web_console/middleware.rb:20:in `call'
actionpack (5.2.4.1) lib/action_dispatch/middleware/show_exceptions.rb:33:in `call'
railties (5.2.4.1) lib/rails/rack/logger.rb:38:in `call_app'
railties (5.2.4.1) lib/rails/rack/logger.rb:26:in `block in call'
activesupport (5.2.4.1) lib/active_support/tagged_logging.rb:71:in `block in tagged'
activesupport (5.2.4.1) lib/active_support/tagged_logging.rb:28:in `tagged'
activesupport (5.2.4.1) lib/active_support/tagged_logging.rb:71:in `tagged'
railties (5.2.4.1) lib/rails/rack/logger.rb:26:in `call'
sprockets-rails (3.2.1) lib/sprockets/rails/quiet_assets.rb:13:in `call'
actionpack (5.2.4.1) lib/action_dispatch/middleware/remote_ip.rb:81:in `call'
actionpack (5.2.4.1) lib/action_dispatch/middleware/request_id.rb:27:in `call'
rack (2.1.2) lib/rack/method_override.rb:24:in `call'
rack (2.1.2) lib/rack/runtime.rb:24:in `call'
activesupport (5.2.4.1) lib/active_support/cache/strategy/local_cache_middleware.rb:29:in `call'
actionpack (5.2.4.1) lib/action_dispatch/middleware/executor.rb:14:in `call'
actionpack (5.2.4.1) lib/action_dispatch/middleware/static.rb:127:in `call'
rack (2.1.2) lib/rack/sendfile.rb:113:in `call'
railties (5.2.4.1) lib/rails/engine.rb:524:in `call'
puma (3.12.2) lib/puma/configuration.rb:227:in `call'
puma (3.12.2) lib/puma/server.rb:674:in `handle_request'
puma (3.12.2) lib/puma/server.rb:476:in `process_client'
puma (3.12.2) lib/puma/server.rb:334:in `block in run'
puma (3.12.2) lib/puma/thread_pool.rb:135:in `block in spawn_thread'
Started GET "/users" for ::1 at 2020-01-30 15:17:10 -0800

NoMethodError - undefined method `helper_methods' for ApplicationController:Class
Did you mean?  helper_method
               _helper_methods
               _helper_methods=
               _helper_methods?:
  app/controllers/application_controller.rb:3:in `<class:ApplicationController>'
  app/controllers/application_controller.rb:1:in `<top (required)>'
  app/controllers/users_controller.rb:1:in `<top (required)>'

Started POST "/__better_errors/33d71346f656dbdc/variables" for ::1 at 2020-01-30 15:17:11 -0800
Started GET "/users/new" for ::1 at 2020-01-30 15:31:54 -0800
  [1m[35m (1.7ms)[0m  [1m[34mSELECT "schema_migrations"."version" FROM "schema_migrations" ORDER BY "schema_migrations"."version" ASC[0m
  ↳ /Users/jayasreesuryadevara/.rvm/gems/ruby-2.5.1/gems/activerecord-5.2.4.1/lib/active_record/log_subscriber.rb:98
Processing by UsersController#new as HTML
  Rendering users/new.html.erb within layouts/application
  Rendered users/new.html.erb within layouts/application (2.3ms)
Completed 200 OK in 2201ms (Views: 2161.7ms | ActiveRecord: 17.9ms)


Started POST "/users" for ::1 at 2020-01-30 15:32:12 -0800
Processing by UsersController#create as HTML
  Parameters: {"authenticity_token"=>"7OnAD2WA+AsFi43ebAHweJsBwsv/OdbelL0k9c+ozOokgp1aWXv9762fO3TV1Egryyj9TRWoIIxregjhoec1Pg==", "user"=>{"username"=>"test1", "password"=>"[FILTERED]"}}
  [1m[35m (0.2ms)[0m  [1m[35mBEGIN[0m
  ↳ app/controllers/users_controller.rb:24
  [1m[36mUser Exists (6.0ms)[0m  [1m[34mSELECT  1 AS one FROM "users" WHERE "users"."username" = $1 LIMIT $2[0m  [["username", "test1"], ["LIMIT", 1]]
  ↳ app/controllers/users_controller.rb:24
  [1m[35m (1.3ms)[0m  [1m[31mROLLBACK[0m
  ↳ app/controllers/users_controller.rb:24
  Rendering users/new.html.erb within layouts/application
  Rendered users/new.html.erb within layouts/application (3.2ms)
Completed 200 OK in 915ms (Views: 246.3ms | ActiveRecord: 7.5ms)


Started POST "/users" for ::1 at 2020-01-30 15:33:09 -0800
Processing by UsersController#create as HTML
  Parameters: {"authenticity_token"=>"9VhgtnP71yANwS/TBFB+Z6qe/ZVfMxmbw//euPqVRIk9Mz3jTwDSxKXVmXm9hcY0+rfCE7Wi78k8OPKslNq9XQ==", "user"=>{"username"=>"test1", "password"=>"[FILTERED]"}}
  [1m[35m (0.3ms)[0m  [1m[35mBEGIN[0m
  ↳ app/controllers/users_controller.rb:24
  [1m[36mUser Exists (0.4ms)[0m  [1m[34mSELECT  1 AS one FROM "users" WHERE "users"."username" = $1 LIMIT $2[0m  [["username", "test1"], ["LIMIT", 1]]
  ↳ app/controllers/users_controller.rb:24
  [1m[35m (0.2ms)[0m  [1m[31mROLLBACK[0m
  ↳ app/controllers/users_controller.rb:24
  Rendering users/new.html.erb within layouts/application
  Rendered users/new.html.erb within layouts/application (1.8ms)
Completed 200 OK in 763ms (Views: 72.9ms | ActiveRecord: 0.9ms)


Started POST "/users" for ::1 at 2020-01-30 15:35:04 -0800
Processing by UsersController#create as HTML
  Parameters: {"authenticity_token"=>"zX3DstKWv7zqsfgm0alT0UEjcg7YEdp1RmHuvYgck5MFFp7n7m26WEKlToxofOuCEQpNiDKALCe5psKp5lNqRw==", "user"=>{"username"=>"tester2", "password"=>"[FILTERED]"}}
  [1m[35m (0.3ms)[0m  [1m[35mBEGIN[0m
  ↳ app/controllers/users_controller.rb:24
  [1m[36mUser Exists (0.6ms)[0m  [1m[34mSELECT  1 AS one FROM "users" WHERE "users"."username" = $1 LIMIT $2[0m  [["username", "tester2"], ["LIMIT", 1]]
  ↳ app/controllers/users_controller.rb:24
  [1m[35m (2.7ms)[0m  [1m[31mROLLBACK[0m
  ↳ app/controllers/users_controller.rb:24
  Rendering users/new.html.erb within layouts/application
  Rendered users/new.html.erb within layouts/application (1.0ms)
Completed 200 OK in 683ms (Views: 120.5ms | ActiveRecord: 3.7ms)


Started GET "/users/new" for 127.0.0.1 at 2020-01-30 15:36:23 -0800
Processing by UsersController#new as HTML
  Rendering users/new.html.erb within layouts/application
  Rendered users/new.html.erb within layouts/application (0.7ms)
Completed 200 OK in 221ms (Views: 219.9ms | ActiveRecord: 0.0ms)


Started POST "/users" for 127.0.0.1 at 2020-01-30 15:36:30 -0800
Processing by UsersController#create as HTML
  Parameters: {"authenticity_token"=>"y2oim3zatdI2UO8spEvjSnDCAZGgduI1Q9Pd9nv9rFJjGHaCisk4KUCUHUoGXOdoMC8rvdCTggc7O9NmgeKvWw==", "user"=>{"username"=>"tt", "password"=>"[FILTERED]"}}
  [1m[35m (0.2ms)[0m  [1m[35mBEGIN[0m
  ↳ app/controllers/users_controller.rb:24
  [1m[36mUser Exists (0.8ms)[0m  [1m[34mSELECT  1 AS one FROM "users" WHERE "users"."username" = $1 LIMIT $2[0m  [["username", "tt"], ["LIMIT", 1]]
  ↳ app/controllers/users_controller.rb:24
  [1m[35m (0.3ms)[0m  [1m[31mROLLBACK[0m
  ↳ app/controllers/users_controller.rb:24
  Rendering users/new.html.erb within layouts/application
  Rendered users/new.html.erb within layouts/application (16.8ms)
Completed 200 OK in 774ms (Views: 345.7ms | ActiveRecord: 1.3ms)


Started GET "/users" for ::1 at 2020-01-30 15:38:44 -0800
  
ActionController::RoutingError (No route matches [GET] "/users"):
  
actionpack (5.2.4.1) lib/action_dispatch/middleware/debug_exceptions.rb:65:in `call'
web-console (3.7.0) lib/web_console/middleware.rb:135:in `call_app'
web-console (3.7.0) lib/web_console/middleware.rb:30:in `block in call'
web-console (3.7.0) lib/web_console/middleware.rb:20:in `catch'
web-console (3.7.0) lib/web_console/middleware.rb:20:in `call'
actionpack (5.2.4.1) lib/action_dispatch/middleware/show_exceptions.rb:33:in `call'
railties (5.2.4.1) lib/rails/rack/logger.rb:38:in `call_app'
railties (5.2.4.1) lib/rails/rack/logger.rb:26:in `block in call'
activesupport (5.2.4.1) lib/active_support/tagged_logging.rb:71:in `block in tagged'
activesupport (5.2.4.1) lib/active_support/tagged_logging.rb:28:in `tagged'
activesupport (5.2.4.1) lib/active_support/tagged_logging.rb:71:in `tagged'
railties (5.2.4.1) lib/rails/rack/logger.rb:26:in `call'
sprockets-rails (3.2.1) lib/sprockets/rails/quiet_assets.rb:13:in `call'
actionpack (5.2.4.1) lib/action_dispatch/middleware/remote_ip.rb:81:in `call'
actionpack (5.2.4.1) lib/action_dispatch/middleware/request_id.rb:27:in `call'
rack (2.1.2) lib/rack/method_override.rb:24:in `call'
rack (2.1.2) lib/rack/runtime.rb:24:in `call'
activesupport (5.2.4.1) lib/active_support/cache/strategy/local_cache_middleware.rb:29:in `call'
actionpack (5.2.4.1) lib/action_dispatch/middleware/executor.rb:14:in `call'
actionpack (5.2.4.1) lib/action_dispatch/middleware/static.rb:127:in `call'
rack (2.1.2) lib/rack/sendfile.rb:113:in `call'
railties (5.2.4.1) lib/rails/engine.rb:524:in `call'
puma (3.12.2) lib/puma/configuration.rb:227:in `call'
puma (3.12.2) lib/puma/server.rb:674:in `handle_request'
puma (3.12.2) lib/puma/server.rb:476:in `process_client'
puma (3.12.2) lib/puma/server.rb:334:in `block in run'
puma (3.12.2) lib/puma/thread_pool.rb:135:in `block in spawn_thread'
Started PUT "/__web_console/repl_sessions/8d8492e5e210ed22542b69d4a1e2d2c1" for ::1 at 2020-01-30 15:39:19 -0800
Started PUT "/__web_console/repl_sessions/8d8492e5e210ed22542b69d4a1e2d2c1" for ::1 at 2020-01-30 15:39:20 -0800
Started GET "/users" for 127.0.0.1 at 2020-01-30 15:39:32 -0800
  
ActionController::RoutingError (No route matches [GET] "/users"):
  
actionpack (5.2.4.1) lib/action_dispatch/middleware/debug_exceptions.rb:65:in `call'
web-console (3.7.0) lib/web_console/middleware.rb:135:in `call_app'
web-console (3.7.0) lib/web_console/middleware.rb:30:in `block in call'
web-console (3.7.0) lib/web_console/middleware.rb:20:in `catch'
web-console (3.7.0) lib/web_console/middleware.rb:20:in `call'
actionpack (5.2.4.1) lib/action_dispatch/middleware/show_exceptions.rb:33:in `call'
railties (5.2.4.1) lib/rails/rack/logger.rb:38:in `call_app'
railties (5.2.4.1) lib/rails/rack/logger.rb:26:in `block in call'
activesupport (5.2.4.1) lib/active_support/tagged_logging.rb:71:in `block in tagged'
activesupport (5.2.4.1) lib/active_support/tagged_logging.rb:28:in `tagged'
activesupport (5.2.4.1) lib/active_support/tagged_logging.rb:71:in `tagged'
railties (5.2.4.1) lib/rails/rack/logger.rb:26:in `call'
sprockets-rails (3.2.1) lib/sprockets/rails/quiet_assets.rb:13:in `call'
actionpack (5.2.4.1) lib/action_dispatch/middleware/remote_ip.rb:81:in `call'
actionpack (5.2.4.1) lib/action_dispatch/middleware/request_id.rb:27:in `call'
rack (2.1.2) lib/rack/method_override.rb:24:in `call'
rack (2.1.2) lib/rack/runtime.rb:24:in `call'
activesupport (5.2.4.1) lib/active_support/cache/strategy/local_cache_middleware.rb:29:in `call'
actionpack (5.2.4.1) lib/action_dispatch/middleware/executor.rb:14:in `call'
actionpack (5.2.4.1) lib/action_dispatch/middleware/static.rb:127:in `call'
rack (2.1.2) lib/rack/sendfile.rb:113:in `call'
railties (5.2.4.1) lib/rails/engine.rb:524:in `call'
puma (3.12.2) lib/puma/configuration.rb:227:in `call'
puma (3.12.2) lib/puma/server.rb:674:in `handle_request'
puma (3.12.2) lib/puma/server.rb:476:in `process_client'
puma (3.12.2) lib/puma/server.rb:334:in `block in run'
puma (3.12.2) lib/puma/thread_pool.rb:135:in `block in spawn_thread'
Started GET "/users/new" for 127.0.0.1 at 2020-01-30 15:39:41 -0800
Processing by UsersController#new as HTML
  Rendering users/new.html.erb within layouts/application
  Rendered users/new.html.erb within layouts/application (0.9ms)
Completed 200 OK in 232ms (Views: 229.7ms | ActiveRecord: 0.0ms)


Started POST "/users" for 127.0.0.1 at 2020-01-30 15:39:46 -0800
Processing by UsersController#create as HTML
  Parameters: {"authenticity_token"=>"c3ANvYGpTGGvuF1op2vL+q0ZwEDq0tgiMYODNwbq9rTbAlmkd7rBmtl8rw4FfM/Y7fTqbJo3uBBJa42n/PX1vQ==", "user"=>{"username"=>"fdsfdsf", "password"=>"[FILTERED]"}}
  [1m[35m (0.2ms)[0m  [1m[35mBEGIN[0m
  ↳ app/controllers/users_controller.rb:24
  [1m[36mUser Exists (42.7ms)[0m  [1m[34mSELECT  1 AS one FROM "users" WHERE "users"."username" = $1 LIMIT $2[0m  [["username", "fdsfdsf"], ["LIMIT", 1]]
  ↳ app/controllers/users_controller.rb:24
  [1m[35m (0.5ms)[0m  [1m[31mROLLBACK[0m
  ↳ app/controllers/users_controller.rb:24
  Rendering users/new.html.erb within layouts/application
  Rendered users/new.html.erb within layouts/application (2.8ms)
Completed 200 OK in 820ms (Views: 292.8ms | ActiveRecord: 43.3ms)


Started POST "/users" for 127.0.0.1 at 2020-01-30 15:40:35 -0800
Processing by UsersController#create as HTML
  Parameters: {"authenticity_token"=>"CCXr31qi2bNW27QvsQjCLemHtDkX9sWfF2tmrV6G7hegV7/GrLFUSCAfRkkTH8YPqWqeFWcTpa1vg2g9pJntHg==", "user"=>{"username"=>"fdjsfkljdslkj", "password"=>"[FILTERED]"}}
  [1m[35m (0.2ms)[0m  [1m[35mBEGIN[0m
  ↳ app/controllers/users_controller.rb:24
  [1m[36mUser Exists (0.7ms)[0m  [1m[34mSELECT  1 AS one FROM "users" WHERE "users"."username" = $1 LIMIT $2[0m  [["username", "fdjsfkljdslkj"], ["LIMIT", 1]]
  ↳ app/controllers/users_controller.rb:24
  [1m[35m (0.3ms)[0m  [1m[31mROLLBACK[0m
  ↳ app/controllers/users_controller.rb:24
  Rendering users/new.html.erb within layouts/application
  Rendered users/new.html.erb within layouts/application (0.6ms)
Completed 200 OK in 657ms (Views: 133.6ms | ActiveRecord: 1.1ms)


Started POST "/users" for 127.0.0.1 at 2020-01-30 15:41:43 -0800
Processing by UsersController#create as HTML
  Parameters: {"authenticity_token"=>"o4zIIAW/Ql/8cO8Nv5SyEv4aNMlI2AsD3+yybl3ABOIL/pw586zPpIq0HWsdg7Ywvvce5Tg9azGnBLz+p98H6w==", "user"=>{"username"=>"fdfsf", "password"=>"[FILTERED]"}}
  [1m[35m (0.2ms)[0m  [1m[35mBEGIN[0m
  ↳ app/controllers/users_controller.rb:24
  [1m[36mUser Exists (1.6ms)[0m  [1m[34mSELECT  1 AS one FROM "users" WHERE "users"."username" = $1 LIMIT $2[0m  [["username", "fdfsf"], ["LIMIT", 1]]
  ↳ app/controllers/users_controller.rb:24
  [1m[35m (62.3ms)[0m  [1m[31mROLLBACK[0m
  ↳ app/controllers/users_controller.rb:24
  Rendering users/new.html.erb within layouts/application
  Rendered users/new.html.erb within layouts/application (14.2ms)
Completed 200 OK in 1081ms (Views: 378.0ms | ActiveRecord: 107.1ms)


Started POST "/users" for 127.0.0.1 at 2020-01-30 15:48:46 -0800
Processing by UsersController#create as HTML
  Parameters: {"user"=>{"username"=>"nicoha", "password"=>"[FILTERED]"}}
Can't verify CSRF token authenticity.
Completed 422 Unprocessable Entity in 1ms (ActiveRecord: 0.0ms)



ActionController::InvalidAuthenticityToken - ActionController::InvalidAuthenticityToken:

Started POST "/__better_errors/286ee262ec578ce6/variables" for 127.0.0.1 at 2020-01-30 15:48:46 -0800
Started GET "/users/new" for 127.0.0.1 at 2020-01-30 15:49:05 -0800
Processing by UsersController#new as HTML
Completed 500 Internal Server Error in 144ms (ActiveRecord: 54.3ms)



NoMethodError - undefined method `ensure_user_token' for #<User:0x00007fa410ad2ee0>
Did you mean?  ensure_session_token:
  app/controllers/users_controller.rb:16:in `new'

Started POST "/__better_errors/5f57b6699a9e2f3f/variables" for 127.0.0.1 at 2020-01-30 15:49:05 -0800
Started GET "/users/new" for 127.0.0.1 at 2020-01-30 15:49:07 -0800
Processing by UsersController#new as HTML
Completed 500 Internal Server Error in 81ms (ActiveRecord: 0.0ms)



NoMethodError - undefined method `ensure_user_token' for #<User:0x00007fa410172788>
Did you mean?  ensure_session_token:
  app/controllers/users_controller.rb:16:in `new'

Started POST "/__better_errors/0138d1ccd7239608/variables" for 127.0.0.1 at 2020-01-30 15:49:08 -0800
Started GET "/users/new" for 127.0.0.1 at 2020-01-30 15:49:25 -0800
Processing by UsersController#new as HTML
  Rendering users/new.html.erb within layouts/application
  Rendered users/new.html.erb within layouts/application (5.7ms)
Completed 200 OK in 534ms (Views: 376.3ms | ActiveRecord: 12.2ms)


Started GET "/users/new" for 127.0.0.1 at 2020-01-30 15:49:30 -0800
Processing by UsersController#new as HTML
  Rendering users/new.html.erb within layouts/application
  Rendered users/new.html.erb within layouts/application (6.9ms)
Completed 200 OK in 149ms (Views: 140.5ms | ActiveRecord: 0.0ms)


Started GET "/users/new" for 127.0.0.1 at 2020-01-30 15:50:33 -0800
  [1m[35m (1.1ms)[0m  [1m[34mSELECT "schema_migrations"."version" FROM "schema_migrations" ORDER BY "schema_migrations"."version" ASC[0m
  ↳ /Users/jayasreesuryadevara/.rvm/gems/ruby-2.5.1/gems/activerecord-5.2.4.1/lib/active_record/log_subscriber.rb:98
Processing by UsersController#new as HTML
  Rendering users/new.html.erb within layouts/application
  Rendered users/new.html.erb within layouts/application (1.7ms)
Completed 200 OK in 344ms (Views: 306.5ms | ActiveRecord: 11.3ms)


Started GET "/users/new" for 127.0.0.1 at 2020-01-30 15:50:36 -0800
Processing by UsersController#new as HTML
  Rendering users/new.html.erb within layouts/application
  Rendered users/new.html.erb within layouts/application (0.9ms)
Completed 200 OK in 93ms (Views: 90.4ms | ActiveRecord: 0.0ms)


Started GET "/users/new" for 127.0.0.1 at 2020-01-30 15:50:37 -0800
Processing by UsersController#new as HTML
  Rendering users/new.html.erb within layouts/application
  Rendered users/new.html.erb within layouts/application (0.8ms)
Completed 200 OK in 100ms (Views: 99.0ms | ActiveRecord: 0.0ms)


Started GET "/users/new" for 127.0.0.1 at 2020-01-30 15:50:38 -0800
Processing by UsersController#new as HTML
  Rendering users/new.html.erb within layouts/application
  Rendered users/new.html.erb within layouts/application (1.7ms)
Completed 200 OK in 145ms (Views: 140.9ms | ActiveRecord: 0.0ms)


Started GET "/users/new" for 127.0.0.1 at 2020-01-30 15:50:43 -0800
Processing by UsersController#new as HTML
  Rendering users/new.html.erb within layouts/application
  Rendered users/new.html.erb within layouts/application (1.0ms)
Completed 200 OK in 97ms (Views: 95.4ms | ActiveRecord: 0.0ms)


Started GET "/users/new" for 127.0.0.1 at 2020-01-30 15:50:44 -0800
Processing by UsersController#new as HTML
  Rendering users/new.html.erb within layouts/application
  Rendered users/new.html.erb within layouts/application (1.0ms)
Completed 200 OK in 117ms (Views: 114.9ms | ActiveRecord: 0.0ms)


Started GET "/users" for ::1 at 2020-01-30 15:51:05 -0800
  
ActionController::RoutingError (No route matches [GET] "/users"):
  
actionpack (5.2.4.1) lib/action_dispatch/middleware/debug_exceptions.rb:65:in `call'
web-console (3.7.0) lib/web_console/middleware.rb:135:in `call_app'
web-console (3.7.0) lib/web_console/middleware.rb:30:in `block in call'
web-console (3.7.0) lib/web_console/middleware.rb:20:in `catch'
web-console (3.7.0) lib/web_console/middleware.rb:20:in `call'
actionpack (5.2.4.1) lib/action_dispatch/middleware/show_exceptions.rb:33:in `call'
railties (5.2.4.1) lib/rails/rack/logger.rb:38:in `call_app'
railties (5.2.4.1) lib/rails/rack/logger.rb:26:in `block in call'
activesupport (5.2.4.1) lib/active_support/tagged_logging.rb:71:in `block in tagged'
activesupport (5.2.4.1) lib/active_support/tagged_logging.rb:28:in `tagged'
activesupport (5.2.4.1) lib/active_support/tagged_logging.rb:71:in `tagged'
railties (5.2.4.1) lib/rails/rack/logger.rb:26:in `call'
sprockets-rails (3.2.1) lib/sprockets/rails/quiet_assets.rb:13:in `call'
actionpack (5.2.4.1) lib/action_dispatch/middleware/remote_ip.rb:81:in `call'
actionpack (5.2.4.1) lib/action_dispatch/middleware/request_id.rb:27:in `call'
rack (2.1.2) lib/rack/method_override.rb:24:in `call'
rack (2.1.2) lib/rack/runtime.rb:24:in `call'
activesupport (5.2.4.1) lib/active_support/cache/strategy/local_cache_middleware.rb:29:in `call'
actionpack (5.2.4.1) lib/action_dispatch/middleware/executor.rb:14:in `call'
actionpack (5.2.4.1) lib/action_dispatch/middleware/static.rb:127:in `call'
rack (2.1.2) lib/rack/sendfile.rb:113:in `call'
railties (5.2.4.1) lib/rails/engine.rb:524:in `call'
puma (3.12.2) lib/puma/configuration.rb:227:in `call'
puma (3.12.2) lib/puma/server.rb:674:in `handle_request'
puma (3.12.2) lib/puma/server.rb:476:in `process_client'
puma (3.12.2) lib/puma/server.rb:334:in `block in run'
puma (3.12.2) lib/puma/thread_pool.rb:135:in `block in spawn_thread'
Started PUT "/__web_console/repl_sessions/8d8492e5e210ed22542b69d4a1e2d2c1" for ::1 at 2020-01-30 15:51:07 -0800
Started GET "/users/new" for ::1 at 2020-01-30 15:51:14 -0800
Processing by UsersController#new as HTML
  Rendering users/new.html.erb within layouts/application
  Rendered users/new.html.erb within layouts/application (1.0ms)
Completed 200 OK in 159ms (Views: 153.0ms | ActiveRecord: 0.0ms)


Started GET "/users/new" for 127.0.0.1 at 2020-01-30 15:52:36 -0800
Processing by UsersController#new as HTML
  Rendering users/new.html.erb within layouts/application
  Rendered users/new.html.erb within layouts/application (2.5ms)
Completed 200 OK in 170ms (Views: 167.4ms | ActiveRecord: 0.0ms)


Started POST "/users" for 127.0.0.1 at 2020-01-30 15:52:46 -0800
Processing by UsersController#create as HTML
  Parameters: {"user"=>{"username"=>"fkjd;slkfj;skldjf;", "password"=>"[FILTERED]"}}
Can't verify CSRF token authenticity.
Completed 422 Unprocessable Entity in 1ms (ActiveRecord: 0.0ms)



ActionController::InvalidAuthenticityToken - ActionController::InvalidAuthenticityToken:

Started POST "/__better_errors/f50ff0dc12e4f294/variables" for 127.0.0.1 at 2020-01-30 15:52:47 -0800
Started GET "/users/new" for 127.0.0.1 at 2020-01-30 15:52:54 -0800
Processing by UsersController#new as HTML
  Rendering users/new.html.erb within layouts/application
  Rendered users/new.html.erb within layouts/application (0.6ms)
Completed 200 OK in 94ms (Views: 92.5ms | ActiveRecord: 0.0ms)


Started POST "/users" for ::1 at 2020-01-30 15:56:34 -0800
Processing by UsersController#create as HTML
  Parameters: {"user"=>{"username"=>"tester2", "password"=>"[FILTERED]"}}
Can't verify CSRF token authenticity.
Completed 422 Unprocessable Entity in 2ms (ActiveRecord: 0.0ms)



ActionController::InvalidAuthenticityToken - ActionController::InvalidAuthenticityToken:

Started POST "/__better_errors/84219bb3d89f32ef/variables" for ::1 at 2020-01-30 15:56:34 -0800
Started GET "/users/new" for ::1 at 2020-01-30 15:57:07 -0800
Processing by UsersController#new as HTML
  Rendering users/new.html.erb within layouts/application
  Rendered users/new.html.erb within layouts/application (2.4ms)
Completed 200 OK in 127ms (Views: 126.0ms | ActiveRecord: 0.0ms)


Started POST "/users" for ::1 at 2020-01-30 15:57:16 -0800
Processing by UsersController#create as HTML
  Parameters: {"authenticity_token"=>"vwrnLtDFc2NNj+5JXHtjZuHxH02RdFrpcSuxRcLPFl13Ybp77D52h+WbWOPlrts1sdggy3vlrLuO7J1RrIDviQ==", "user"=>{"username"=>"tester2", "password"=>"[FILTERED]"}}
  [1m[35m (0.2ms)[0m  [1m[35mBEGIN[0m
  ↳ app/controllers/users_controller.rb:24
  [1m[36mUser Exists (2.6ms)[0m  [1m[34mSELECT  1 AS one FROM "users" WHERE "users"."username" = $1 LIMIT $2[0m  [["username", "tester2"], ["LIMIT", 1]]
  ↳ app/controllers/users_controller.rb:24
  [1m[36mUser Create (2.8ms)[0m  [1m[32mINSERT INTO "users" ("username", "password_digest", "session_token", "created_at", "updated_at") VALUES ($1, $2, $3, $4, $5) RETURNING "id"[0m  [["username", "tester2"], ["password_digest", "$2a$12$Szg0ROJeUEQtgIk2pe/VIukCpZ34Om4l5/XAV0ouBK4EDqt/MPpxa"], ["session_token", "Hf7GRCb8yLAaEO6XImQlyg"], ["created_at", "2020-01-30 23:57:17.277979"], ["updated_at", "2020-01-30 23:57:17.277979"]]
  ↳ app/controllers/users_controller.rb:24
  [1m[35m (101.4ms)[0m  [1m[35mCOMMIT[0m
  ↳ app/controllers/users_controller.rb:24
Redirected to http://localhost:3000/users.1
Completed 302 Found in 1136ms (ActiveRecord: 107.0ms)


Started GET "/users.1" for ::1 at 2020-01-30 15:57:17 -0800
  
ActionController::RoutingError (No route matches [GET] "/users.1"):
  
actionpack (5.2.4.1) lib/action_dispatch/middleware/debug_exceptions.rb:65:in `call'
web-console (3.7.0) lib/web_console/middleware.rb:135:in `call_app'
web-console (3.7.0) lib/web_console/middleware.rb:30:in `block in call'
web-console (3.7.0) lib/web_console/middleware.rb:20:in `catch'
web-console (3.7.0) lib/web_console/middleware.rb:20:in `call'
actionpack (5.2.4.1) lib/action_dispatch/middleware/show_exceptions.rb:33:in `call'
railties (5.2.4.1) lib/rails/rack/logger.rb:38:in `call_app'
railties (5.2.4.1) lib/rails/rack/logger.rb:26:in `block in call'
activesupport (5.2.4.1) lib/active_support/tagged_logging.rb:71:in `block in tagged'
activesupport (5.2.4.1) lib/active_support/tagged_logging.rb:28:in `tagged'
activesupport (5.2.4.1) lib/active_support/tagged_logging.rb:71:in `tagged'
railties (5.2.4.1) lib/rails/rack/logger.rb:26:in `call'
sprockets-rails (3.2.1) lib/sprockets/rails/quiet_assets.rb:13:in `call'
actionpack (5.2.4.1) lib/action_dispatch/middleware/remote_ip.rb:81:in `call'
actionpack (5.2.4.1) lib/action_dispatch/middleware/request_id.rb:27:in `call'
rack (2.1.2) lib/rack/method_override.rb:24:in `call'
rack (2.1.2) lib/rack/runtime.rb:24:in `call'
activesupport (5.2.4.1) lib/active_support/cache/strategy/local_cache_middleware.rb:29:in `call'
actionpack (5.2.4.1) lib/action_dispatch/middleware/executor.rb:14:in `call'
actionpack (5.2.4.1) lib/action_dispatch/middleware/static.rb:127:in `call'
rack (2.1.2) lib/rack/sendfile.rb:113:in `call'
railties (5.2.4.1) lib/rails/engine.rb:524:in `call'
puma (3.12.2) lib/puma/configuration.rb:227:in `call'
puma (3.12.2) lib/puma/server.rb:674:in `handle_request'
puma (3.12.2) lib/puma/server.rb:476:in `process_client'
puma (3.12.2) lib/puma/server.rb:334:in `block in run'
puma (3.12.2) lib/puma/thread_pool.rb:135:in `block in spawn_thread'
Started GET "/user/new" for ::1 at 2020-01-30 15:59:36 -0800
  
ActionController::RoutingError (No route matches [GET] "/user/new"):
  
actionpack (5.2.4.1) lib/action_dispatch/middleware/debug_exceptions.rb:65:in `call'
web-console (3.7.0) lib/web_console/middleware.rb:135:in `call_app'
web-console (3.7.0) lib/web_console/middleware.rb:30:in `block in call'
web-console (3.7.0) lib/web_console/middleware.rb:20:in `catch'
web-console (3.7.0) lib/web_console/middleware.rb:20:in `call'
actionpack (5.2.4.1) lib/action_dispatch/middleware/show_exceptions.rb:33:in `call'
railties (5.2.4.1) lib/rails/rack/logger.rb:38:in `call_app'
railties (5.2.4.1) lib/rails/rack/logger.rb:26:in `block in call'
activesupport (5.2.4.1) lib/active_support/tagged_logging.rb:71:in `block in tagged'
activesupport (5.2.4.1) lib/active_support/tagged_logging.rb:28:in `tagged'
activesupport (5.2.4.1) lib/active_support/tagged_logging.rb:71:in `tagged'
railties (5.2.4.1) lib/rails/rack/logger.rb:26:in `call'
sprockets-rails (3.2.1) lib/sprockets/rails/quiet_assets.rb:13:in `call'
actionpack (5.2.4.1) lib/action_dispatch/middleware/remote_ip.rb:81:in `call'
actionpack (5.2.4.1) lib/action_dispatch/middleware/request_id.rb:27:in `call'
rack (2.1.2) lib/rack/method_override.rb:24:in `call'
rack (2.1.2) lib/rack/runtime.rb:24:in `call'
activesupport (5.2.4.1) lib/active_support/cache/strategy/local_cache_middleware.rb:29:in `call'
actionpack (5.2.4.1) lib/action_dispatch/middleware/executor.rb:14:in `call'
actionpack (5.2.4.1) lib/action_dispatch/middleware/static.rb:127:in `call'
rack (2.1.2) lib/rack/sendfile.rb:113:in `call'
railties (5.2.4.1) lib/rails/engine.rb:524:in `call'
puma (3.12.2) lib/puma/configuration.rb:227:in `call'
puma (3.12.2) lib/puma/server.rb:674:in `handle_request'
puma (3.12.2) lib/puma/server.rb:476:in `process_client'
puma (3.12.2) lib/puma/server.rb:334:in `block in run'
puma (3.12.2) lib/puma/thread_pool.rb:135:in `block in spawn_thread'
Started GET "/users/new" for ::1 at 2020-01-30 15:59:41 -0800
Processing by UsersController#new as HTML
  Rendering users/new.html.erb within layouts/application
  Rendered users/new.html.erb within layouts/application (0.8ms)
Completed 200 OK in 148ms (Views: 100.6ms | ActiveRecord: 13.0ms)


Started POST "/users" for ::1 at 2020-01-30 15:59:52 -0800
Processing by UsersController#create as HTML
  Parameters: {"authenticity_token"=>"X8MKykQwqvQr2bJWV39T7CEIBddi5aR6vP+cgagKyhmXqFefeMuvEIPNBPzuquu/cSE6UYh0UihDOLCVxkUzzQ==", "user"=>{"username"=>"test666", "password"=>"[FILTERED]"}}
  [1m[35m (0.2ms)[0m  [1m[35mBEGIN[0m
  ↳ app/controllers/users_controller.rb:24
  [1m[36mUser Exists (0.7ms)[0m  [1m[34mSELECT  1 AS one FROM "users" WHERE "users"."username" = $1 LIMIT $2[0m  [["username", "test666"], ["LIMIT", 1]]
  ↳ app/controllers/users_controller.rb:24
  [1m[36mUser Create (0.5ms)[0m  [1m[32mINSERT INTO "users" ("username", "password_digest", "session_token", "created_at", "updated_at") VALUES ($1, $2, $3, $4, $5) RETURNING "id"[0m  [["username", "test666"], ["password_digest", "$2a$12$Gx5QcU1zLeQ5FrwWmITgEORRaHN0DZ8ZX3QuctkpQe5tMU.0ncQkO"], ["session_token", "S4DfcRF4fG09xAtVeewqRA"], ["created_at", "2020-01-30 23:59:53.355692"], ["updated_at", "2020-01-30 23:59:53.355692"]]
  ↳ app/controllers/users_controller.rb:24
  [1m[35m (6.1ms)[0m  [1m[35mCOMMIT[0m
  ↳ app/controllers/users_controller.rb:24
Redirected to http://localhost:3000/users/2
Completed 302 Found in 488ms (ActiveRecord: 7.4ms)


Started GET "/users/2" for ::1 at 2020-01-30 15:59:53 -0800
Processing by UsersController#show as HTML
  Parameters: {"id"=>"2"}
  [1m[36mUser Load (1.5ms)[0m  [1m[34mSELECT  "users".* FROM "users" WHERE "users"."id" = $1 LIMIT $2[0m  [["id", 2], ["LIMIT", 1]]
  ↳ app/controllers/users_controller.rb:10
Redirected to http://localhost:3000/users/2
Completed 302 Found in 19ms (ActiveRecord: 3.0ms)


Started GET "/users/2" for ::1 at 2020-01-30 15:59:53 -0800
Processing by UsersController#show as HTML
  Parameters: {"id"=>"2"}
  [1m[36mUser Load (2.3ms)[0m  [1m[34mSELECT  "users".* FROM "users" WHERE "users"."id" = $1 LIMIT $2[0m  [["id", 2], ["LIMIT", 1]]
  ↳ app/controllers/users_controller.rb:10
Redirected to http://localhost:3000/users/2
Completed 302 Found in 7ms (ActiveRecord: 2.3ms)


Started GET "/users/2" for ::1 at 2020-01-30 15:59:53 -0800
Processing by UsersController#show as HTML
  Parameters: {"id"=>"2"}
  [1m[36mUser Load (1.1ms)[0m  [1m[34mSELECT  "users".* FROM "users" WHERE "users"."id" = $1 LIMIT $2[0m  [["id", 2], ["LIMIT", 1]]
  ↳ app/controllers/users_controller.rb:10
Redirected to http://localhost:3000/users/2
Completed 302 Found in 49ms (ActiveRecord: 4.8ms)


Started GET "/users/2" for ::1 at 2020-01-30 15:59:53 -0800
Processing by UsersController#show as HTML
  Parameters: {"id"=>"2"}
  [1m[36mUser Load (2.2ms)[0m  [1m[34mSELECT  "users".* FROM "users" WHERE "users"."id" = $1 LIMIT $2[0m  [["id", 2], ["LIMIT", 1]]
  ↳ app/controllers/users_controller.rb:10
Redirected to http://localhost:3000/users/2
Completed 302 Found in 39ms (ActiveRecord: 2.2ms)


Started GET "/users/2" for ::1 at 2020-01-30 15:59:53 -0800
Processing by UsersController#show as HTML
  Parameters: {"id"=>"2"}
  [1m[36mUser Load (1.1ms)[0m  [1m[34mSELECT  "users".* FROM "users" WHERE "users"."id" = $1 LIMIT $2[0m  [["id", 2], ["LIMIT", 1]]
  ↳ app/controllers/users_controller.rb:10
Redirected to http://localhost:3000/users/2
Completed 302 Found in 8ms (ActiveRecord: 1.1ms)


Started GET "/users/2" for ::1 at 2020-01-30 15:59:53 -0800
Processing by UsersController#show as HTML
  Parameters: {"id"=>"2"}
  [1m[36mUser Load (0.6ms)[0m  [1m[34mSELECT  "users".* FROM "users" WHERE "users"."id" = $1 LIMIT $2[0m  [["id", 2], ["LIMIT", 1]]
  ↳ app/controllers/users_controller.rb:10
Redirected to http://localhost:3000/users/2
Completed 302 Found in 18ms (ActiveRecord: 0.6ms)


Started GET "/users/2" for ::1 at 2020-01-30 15:59:53 -0800
Processing by UsersController#show as HTML
  Parameters: {"id"=>"2"}
  [1m[36mUser Load (8.4ms)[0m  [1m[34mSELECT  "users".* FROM "users" WHERE "users"."id" = $1 LIMIT $2[0m  [["id", 2], ["LIMIT", 1]]
  ↳ app/controllers/users_controller.rb:10
Redirected to http://localhost:3000/users/2
Completed 302 Found in 19ms (ActiveRecord: 8.4ms)


Started GET "/users/2" for ::1 at 2020-01-30 15:59:53 -0800
Processing by UsersController#show as HTML
  Parameters: {"id"=>"2"}
  [1m[36mUser Load (0.6ms)[0m  [1m[34mSELECT  "users".* FROM "users" WHERE "users"."id" = $1 LIMIT $2[0m  [["id", 2], ["LIMIT", 1]]
  ↳ app/controllers/users_controller.rb:10
Redirected to http://localhost:3000/users/2
Completed 302 Found in 15ms (ActiveRecord: 0.6ms)


Started GET "/users/2" for ::1 at 2020-01-30 15:59:53 -0800
Processing by UsersController#show as HTML
  Parameters: {"id"=>"2"}
  [1m[36mUser Load (0.9ms)[0m  [1m[34mSELECT  "users".* FROM "users" WHERE "users"."id" = $1 LIMIT $2[0m  [["id", 2], ["LIMIT", 1]]
  ↳ app/controllers/users_controller.rb:10
Redirected to http://localhost:3000/users/2
Completed 302 Found in 6ms (ActiveRecord: 0.9ms)


Started GET "/users/2" for ::1 at 2020-01-30 15:59:53 -0800
Processing by UsersController#show as HTML
  Parameters: {"id"=>"2"}
  [1m[36mUser Load (56.0ms)[0m  [1m[34mSELECT  "users".* FROM "users" WHERE "users"."id" = $1 LIMIT $2[0m  [["id", 2], ["LIMIT", 1]]
  ↳ app/controllers/users_controller.rb:10
Redirected to http://localhost:3000/users/2
Completed 302 Found in 78ms (ActiveRecord: 56.0ms)


Started GET "/users/2" for ::1 at 2020-01-30 15:59:54 -0800
Processing by UsersController#show as HTML
  Parameters: {"id"=>"2"}
  [1m[36mUser Load (1.4ms)[0m  [1m[34mSELECT  "users".* FROM "users" WHERE "users"."id" = $1 LIMIT $2[0m  [["id", 2], ["LIMIT", 1]]
  ↳ app/controllers/users_controller.rb:10
Redirected to http://localhost:3000/users/2
Completed 302 Found in 4ms (ActiveRecord: 1.4ms)


Started GET "/users/2" for ::1 at 2020-01-30 15:59:54 -0800
Processing by UsersController#show as HTML
  Parameters: {"id"=>"2"}
  [1m[36mUser Load (9.2ms)[0m  [1m[34mSELECT  "users".* FROM "users" WHERE "users"."id" = $1 LIMIT $2[0m  [["id", 2], ["LIMIT", 1]]
  ↳ app/controllers/users_controller.rb:10
Redirected to http://localhost:3000/users/2
Completed 302 Found in 15ms (ActiveRecord: 9.2ms)


Started GET "/users/2" for ::1 at 2020-01-30 15:59:54 -0800
Processing by UsersController#show as HTML
  Parameters: {"id"=>"2"}
  [1m[36mUser Load (0.5ms)[0m  [1m[34mSELECT  "users".* FROM "users" WHERE "users"."id" = $1 LIMIT $2[0m  [["id", 2], ["LIMIT", 1]]
  ↳ app/controllers/users_controller.rb:10
Redirected to http://localhost:3000/users/2
Completed 302 Found in 4ms (ActiveRecord: 0.5ms)


Started GET "/users/2" for ::1 at 2020-01-30 15:59:54 -0800
Processing by UsersController#show as HTML
  Parameters: {"id"=>"2"}
  [1m[36mUser Load (1.2ms)[0m  [1m[34mSELECT  "users".* FROM "users" WHERE "users"."id" = $1 LIMIT $2[0m  [["id", 2], ["LIMIT", 1]]
  ↳ app/controllers/users_controller.rb:10
Redirected to http://localhost:3000/users/2
Completed 302 Found in 3ms (ActiveRecord: 1.2ms)


Started GET "/users/2" for ::1 at 2020-01-30 15:59:54 -0800
Processing by UsersController#show as HTML
  Parameters: {"id"=>"2"}
  [1m[36mUser Load (0.7ms)[0m  [1m[34mSELECT  "users".* FROM "users" WHERE "users"."id" = $1 LIMIT $2[0m  [["id", 2], ["LIMIT", 1]]
  ↳ app/controllers/users_controller.rb:10
Redirected to http://localhost:3000/users/2
Completed 302 Found in 6ms (ActiveRecord: 0.7ms)


Started GET "/users/2" for ::1 at 2020-01-30 15:59:54 -0800
Processing by UsersController#show as HTML
  Parameters: {"id"=>"2"}
  [1m[36mUser Load (1.0ms)[0m  [1m[34mSELECT  "users".* FROM "users" WHERE "users"."id" = $1 LIMIT $2[0m  [["id", 2], ["LIMIT", 1]]
  ↳ app/controllers/users_controller.rb:10
Redirected to http://localhost:3000/users/2
Completed 302 Found in 5ms (ActiveRecord: 1.0ms)


Started GET "/users/2" for ::1 at 2020-01-30 15:59:54 -0800
Processing by UsersController#show as HTML
  Parameters: {"id"=>"2"}
  [1m[36mUser Load (1.7ms)[0m  [1m[34mSELECT  "users".* FROM "users" WHERE "users"."id" = $1 LIMIT $2[0m  [["id", 2], ["LIMIT", 1]]
  ↳ app/controllers/users_controller.rb:10
Redirected to http://localhost:3000/users/2
Completed 302 Found in 5ms (ActiveRecord: 1.7ms)


Started GET "/users/2" for ::1 at 2020-01-30 15:59:54 -0800
Processing by UsersController#show as HTML
  Parameters: {"id"=>"2"}
  [1m[36mUser Load (0.5ms)[0m  [1m[34mSELECT  "users".* FROM "users" WHERE "users"."id" = $1 LIMIT $2[0m  [["id", 2], ["LIMIT", 1]]
  ↳ app/controllers/users_controller.rb:10
Redirected to http://localhost:3000/users/2
Completed 302 Found in 15ms (ActiveRecord: 0.5ms)


Started GET "/users/2" for ::1 at 2020-01-30 15:59:54 -0800
Processing by UsersController#show as HTML
  Parameters: {"id"=>"2"}
  [1m[36mUser Load (0.9ms)[0m  [1m[34mSELECT  "users".* FROM "users" WHERE "users"."id" = $1 LIMIT $2[0m  [["id", 2], ["LIMIT", 1]]
  ↳ app/controllers/users_controller.rb:10
Redirected to http://localhost:3000/users/2
Completed 302 Found in 6ms (ActiveRecord: 0.9ms)


Started POST "/users" for ::1 at 2020-01-30 16:04:03 -0800
Processing by UsersController#create as HTML
  Parameters: {"authenticity_token"=>"X8MKykQwqvQr2bJWV39T7CEIBddi5aR6vP+cgagKyhmXqFefeMuvEIPNBPzuquu/cSE6UYh0UihDOLCVxkUzzQ==", "user"=>{"username"=>"test999", "password"=>"[FILTERED]"}}
  [1m[35m (0.8ms)[0m  [1m[35mBEGIN[0m
  ↳ app/controllers/users_controller.rb:24
  [1m[36mUser Exists (0.7ms)[0m  [1m[34mSELECT  1 AS one FROM "users" WHERE "users"."username" = $1 LIMIT $2[0m  [["username", "test999"], ["LIMIT", 1]]
  ↳ app/controllers/users_controller.rb:24
  [1m[36mUser Create (20.6ms)[0m  [1m[32mINSERT INTO "users" ("username", "password_digest", "session_token", "created_at", "updated_at") VALUES ($1, $2, $3, $4, $5) RETURNING "id"[0m  [["username", "test999"], ["password_digest", "$2a$12$7HnyXzB3k/tKlyqvgX4tPOOE6K6P19vy1WCTM8AlyjjqqxfxQ7WZO"], ["session_token", "MgsN_izA82laC8yXqCd1GQ"], ["created_at", "2020-01-31 00:04:03.918194"], ["updated_at", "2020-01-31 00:04:03.918194"]]
  ↳ app/controllers/users_controller.rb:24
  [1m[35m (3.0ms)[0m  [1m[35mCOMMIT[0m
  ↳ app/controllers/users_controller.rb:24
Redirected to http://localhost:3000/users/3
Completed 302 Found in 662ms (ActiveRecord: 25.1ms)


Started GET "/users/3" for ::1 at 2020-01-30 16:04:04 -0800
Processing by UsersController#show as HTML
  Parameters: {"id"=>"3"}
  [1m[36mUser Load (1.2ms)[0m  [1m[34mSELECT  "users".* FROM "users" WHERE "users"."id" = $1 LIMIT $2[0m  [["id", 3], ["LIMIT", 1]]
  ↳ app/controllers/users_controller.rb:10
Redirected to http://localhost:3000/users/3
Completed 302 Found in 6ms (ActiveRecord: 1.2ms)


Started GET "/users/3" for ::1 at 2020-01-30 16:04:04 -0800
Processing by UsersController#show as HTML
  Parameters: {"id"=>"3"}
  [1m[36mUser Load (1.0ms)[0m  [1m[34mSELECT  "users".* FROM "users" WHERE "users"."id" = $1 LIMIT $2[0m  [["id", 3], ["LIMIT", 1]]
  ↳ app/controllers/users_controller.rb:10
Redirected to http://localhost:3000/users/3
Completed 302 Found in 5ms (ActiveRecord: 1.0ms)


Started GET "/users/3" for ::1 at 2020-01-30 16:04:04 -0800
Processing by UsersController#show as HTML
  Parameters: {"id"=>"3"}
  [1m[36mUser Load (0.6ms)[0m  [1m[34mSELECT  "users".* FROM "users" WHERE "users"."id" = $1 LIMIT $2[0m  [["id", 3], ["LIMIT", 1]]
  ↳ app/controllers/users_controller.rb:10
Redirected to http://localhost:3000/users/3
Completed 302 Found in 5ms (ActiveRecord: 0.6ms)


Started GET "/users/3" for ::1 at 2020-01-30 16:04:04 -0800
Processing by UsersController#show as HTML
  Parameters: {"id"=>"3"}
  [1m[36mUser Load (0.6ms)[0m  [1m[34mSELECT  "users".* FROM "users" WHERE "users"."id" = $1 LIMIT $2[0m  [["id", 3], ["LIMIT", 1]]
  ↳ app/controllers/users_controller.rb:10
Redirected to http://localhost:3000/users/3
Completed 302 Found in 19ms (ActiveRecord: 0.6ms)


Started GET "/users/3" for ::1 at 2020-01-30 16:04:04 -0800
Processing by UsersController#show as HTML
  Parameters: {"id"=>"3"}
  [1m[36mUser Load (0.4ms)[0m  [1m[34mSELECT  "users".* FROM "users" WHERE "users"."id" = $1 LIMIT $2[0m  [["id", 3], ["LIMIT", 1]]
  ↳ app/controllers/users_controller.rb:10
Redirected to http://localhost:3000/users/3
Completed 302 Found in 22ms (ActiveRecord: 0.4ms)


Started GET "/users/3" for ::1 at 2020-01-30 16:04:04 -0800
Processing by UsersController#show as HTML
  Parameters: {"id"=>"3"}
  [1m[36mUser Load (0.3ms)[0m  [1m[34mSELECT  "users".* FROM "users" WHERE "users"."id" = $1 LIMIT $2[0m  [["id", 3], ["LIMIT", 1]]
  ↳ app/controllers/users_controller.rb:10
Redirected to http://localhost:3000/users/3
Completed 302 Found in 16ms (ActiveRecord: 0.3ms)


Started GET "/users/3" for ::1 at 2020-01-30 16:04:04 -0800
Processing by UsersController#show as HTML
  Parameters: {"id"=>"3"}
  [1m[36mUser Load (3.8ms)[0m  [1m[34mSELECT  "users".* FROM "users" WHERE "users"."id" = $1 LIMIT $2[0m  [["id", 3], ["LIMIT", 1]]
  ↳ app/controllers/users_controller.rb:10
Redirected to http://localhost:3000/users/3
Completed 302 Found in 7ms (ActiveRecord: 3.8ms)


Started GET "/users/3" for ::1 at 2020-01-30 16:04:04 -0800
Processing by UsersController#show as HTML
  Parameters: {"id"=>"3"}
  [1m[36mUser Load (0.8ms)[0m  [1m[34mSELECT  "users".* FROM "users" WHERE "users"."id" = $1 LIMIT $2[0m  [["id", 3], ["LIMIT", 1]]
  ↳ app/controllers/users_controller.rb:10
Redirected to http://localhost:3000/users/3
Completed 302 Found in 76ms (ActiveRecord: 0.8ms)


Started GET "/users/3" for ::1 at 2020-01-30 16:04:04 -0800
Processing by UsersController#show as HTML
  Parameters: {"id"=>"3"}
  [1m[36mUser Load (2.6ms)[0m  [1m[34mSELECT  "users".* FROM "users" WHERE "users"."id" = $1 LIMIT $2[0m  [["id", 3], ["LIMIT", 1]]
  ↳ app/controllers/users_controller.rb:10
Redirected to http://localhost:3000/users/3
Completed 302 Found in 9ms (ActiveRecord: 2.6ms)


Started GET "/users/3" for ::1 at 2020-01-30 16:04:04 -0800
Processing by UsersController#show as HTML
  Parameters: {"id"=>"3"}
  [1m[36mUser Load (0.4ms)[0m  [1m[34mSELECT  "users".* FROM "users" WHERE "users"."id" = $1 LIMIT $2[0m  [["id", 3], ["LIMIT", 1]]
  ↳ app/controllers/users_controller.rb:10
Redirected to http://localhost:3000/users/3
Completed 302 Found in 4ms (ActiveRecord: 0.4ms)


Started GET "/users/3" for ::1 at 2020-01-30 16:04:04 -0800
Processing by UsersController#show as HTML
  Parameters: {"id"=>"3"}
  [1m[36mUser Load (0.4ms)[0m  [1m[34mSELECT  "users".* FROM "users" WHERE "users"."id" = $1 LIMIT $2[0m  [["id", 3], ["LIMIT", 1]]
  ↳ app/controllers/users_controller.rb:10
Redirected to http://localhost:3000/users/3
Completed 302 Found in 3ms (ActiveRecord: 0.4ms)


Started GET "/users/3" for ::1 at 2020-01-30 16:04:04 -0800
Processing by UsersController#show as HTML
  Parameters: {"id"=>"3"}
  [1m[36mUser Load (0.5ms)[0m  [1m[34mSELECT  "users".* FROM "users" WHERE "users"."id" = $1 LIMIT $2[0m  [["id", 3], ["LIMIT", 1]]
  ↳ app/controllers/users_controller.rb:10
Redirected to http://localhost:3000/users/3
Completed 302 Found in 3ms (ActiveRecord: 0.5ms)


Started GET "/users/3" for ::1 at 2020-01-30 16:04:04 -0800
Processing by UsersController#show as HTML
  Parameters: {"id"=>"3"}
  [1m[36mUser Load (0.6ms)[0m  [1m[34mSELECT  "users".* FROM "users" WHERE "users"."id" = $1 LIMIT $2[0m  [["id", 3], ["LIMIT", 1]]
  ↳ app/controllers/users_controller.rb:10
Redirected to http://localhost:3000/users/3
Completed 302 Found in 4ms (ActiveRecord: 0.6ms)


Started GET "/users/3" for ::1 at 2020-01-30 16:04:04 -0800
Processing by UsersController#show as HTML
  Parameters: {"id"=>"3"}
  [1m[36mUser Load (0.8ms)[0m  [1m[34mSELECT  "users".* FROM "users" WHERE "users"."id" = $1 LIMIT $2[0m  [["id", 3], ["LIMIT", 1]]
  ↳ app/controllers/users_controller.rb:10
Redirected to http://localhost:3000/users/3
Completed 302 Found in 5ms (ActiveRecord: 0.8ms)


Started GET "/users/3" for ::1 at 2020-01-30 16:04:04 -0800
Processing by UsersController#show as HTML
  Parameters: {"id"=>"3"}
  [1m[36mUser Load (1.2ms)[0m  [1m[34mSELECT  "users".* FROM "users" WHERE "users"."id" = $1 LIMIT $2[0m  [["id", 3], ["LIMIT", 1]]
  ↳ app/controllers/users_controller.rb:10
Redirected to http://localhost:3000/users/3
Completed 302 Found in 32ms (ActiveRecord: 1.2ms)


Started GET "/users/3" for ::1 at 2020-01-30 16:04:04 -0800
Processing by UsersController#show as HTML
  Parameters: {"id"=>"3"}
  [1m[36mUser Load (2.1ms)[0m  [1m[34mSELECT  "users".* FROM "users" WHERE "users"."id" = $1 LIMIT $2[0m  [["id", 3], ["LIMIT", 1]]
  ↳ app/controllers/users_controller.rb:10
Redirected to http://localhost:3000/users/3
Completed 302 Found in 9ms (ActiveRecord: 2.1ms)


Started GET "/users/3" for ::1 at 2020-01-30 16:04:05 -0800
Processing by UsersController#show as HTML
  Parameters: {"id"=>"3"}
  [1m[36mUser Load (1.9ms)[0m  [1m[34mSELECT  "users".* FROM "users" WHERE "users"."id" = $1 LIMIT $2[0m  [["id", 3], ["LIMIT", 1]]
  ↳ app/controllers/users_controller.rb:10
Redirected to http://localhost:3000/users/3
Completed 302 Found in 13ms (ActiveRecord: 1.9ms)


Started GET "/users/3" for ::1 at 2020-01-30 16:04:05 -0800
Processing by UsersController#show as HTML
  Parameters: {"id"=>"3"}
  [1m[36mUser Load (0.4ms)[0m  [1m[34mSELECT  "users".* FROM "users" WHERE "users"."id" = $1 LIMIT $2[0m  [["id", 3], ["LIMIT", 1]]
  ↳ app/controllers/users_controller.rb:10
Redirected to http://localhost:3000/users/3
Completed 302 Found in 3ms (ActiveRecord: 0.4ms)


Started GET "/users/3" for ::1 at 2020-01-30 16:04:05 -0800
Processing by UsersController#show as HTML
  Parameters: {"id"=>"3"}
  [1m[36mUser Load (12.5ms)[0m  [1m[34mSELECT  "users".* FROM "users" WHERE "users"."id" = $1 LIMIT $2[0m  [["id", 3], ["LIMIT", 1]]
  ↳ app/controllers/users_controller.rb:10
Redirected to http://localhost:3000/users/3
Completed 302 Found in 46ms (ActiveRecord: 12.5ms)


Started GET "/users" for ::1 at 2020-01-30 16:10:38 -0800
  
ActionController::RoutingError (No route matches [GET] "/users"):
  
actionpack (5.2.4.1) lib/action_dispatch/middleware/debug_exceptions.rb:65:in `call'
web-console (3.7.0) lib/web_console/middleware.rb:135:in `call_app'
web-console (3.7.0) lib/web_console/middleware.rb:30:in `block in call'
web-console (3.7.0) lib/web_console/middleware.rb:20:in `catch'
web-console (3.7.0) lib/web_console/middleware.rb:20:in `call'
actionpack (5.2.4.1) lib/action_dispatch/middleware/show_exceptions.rb:33:in `call'
railties (5.2.4.1) lib/rails/rack/logger.rb:38:in `call_app'
railties (5.2.4.1) lib/rails/rack/logger.rb:26:in `block in call'
activesupport (5.2.4.1) lib/active_support/tagged_logging.rb:71:in `block in tagged'
activesupport (5.2.4.1) lib/active_support/tagged_logging.rb:28:in `tagged'
activesupport (5.2.4.1) lib/active_support/tagged_logging.rb:71:in `tagged'
railties (5.2.4.1) lib/rails/rack/logger.rb:26:in `call'
sprockets-rails (3.2.1) lib/sprockets/rails/quiet_assets.rb:13:in `call'
actionpack (5.2.4.1) lib/action_dispatch/middleware/remote_ip.rb:81:in `call'
actionpack (5.2.4.1) lib/action_dispatch/middleware/request_id.rb:27:in `call'
rack (2.1.2) lib/rack/method_override.rb:24:in `call'
rack (2.1.2) lib/rack/runtime.rb:24:in `call'
activesupport (5.2.4.1) lib/active_support/cache/strategy/local_cache_middleware.rb:29:in `call'
actionpack (5.2.4.1) lib/action_dispatch/middleware/executor.rb:14:in `call'
actionpack (5.2.4.1) lib/action_dispatch/middleware/static.rb:127:in `call'
rack (2.1.2) lib/rack/sendfile.rb:113:in `call'
railties (5.2.4.1) lib/rails/engine.rb:524:in `call'
puma (3.12.2) lib/puma/configuration.rb:227:in `call'
puma (3.12.2) lib/puma/server.rb:674:in `handle_request'
puma (3.12.2) lib/puma/server.rb:476:in `process_client'
puma (3.12.2) lib/puma/server.rb:334:in `block in run'
puma (3.12.2) lib/puma/thread_pool.rb:135:in `block in spawn_thread'
Started GET "/users/new" for ::1 at 2020-01-30 16:10:45 -0800
Processing by UsersController#new as HTML
  Rendering users/new.html.erb within layouts/application
  Rendered users/new.html.erb within layouts/application (33.4ms)
Completed 200 OK in 351ms (Views: 202.4ms | ActiveRecord: 101.3ms)


Started POST "/users" for ::1 at 2020-01-30 16:11:00 -0800
Processing by UsersController#create as HTML
  Parameters: {"authenticity_token"=>"ZhQc53R1wcbgpiFplA+MoU3FLq3T1maTv9hj0GJaUyWuf0GySI7EIkiyl8Mt2jTyHewRKzlHkMFAH0/EDBWq8Q==", "user"=>{"username"=>"jaya1", "password"=>"[FILTERED]"}}
  [1m[35m (0.2ms)[0m  [1m[35mBEGIN[0m
  ↳ app/controllers/users_controller.rb:24
  [1m[36mUser Exists (11.4ms)[0m  [1m[34mSELECT  1 AS one FROM "users" WHERE "users"."username" = $1 LIMIT $2[0m  [["username", "jaya1"], ["LIMIT", 1]]
  ↳ app/controllers/users_controller.rb:24
  [1m[36mUser Create (1.0ms)[0m  [1m[32mINSERT INTO "users" ("username", "password_digest", "session_token", "created_at", "updated_at") VALUES ($1, $2, $3, $4, $5) RETURNING "id"[0m  [["username", "jaya1"], ["password_digest", "$2a$12$XiXl6wF5VmpC0WQT7Ufdxe1aZeWwe3rrVS/F5jO.imEkfmn/OoKAy"], ["session_token", "fS08_CPdvTXGleXvEPwPXQ"], ["created_at", "2020-01-31 00:11:01.010509"], ["updated_at", "2020-01-31 00:11:01.010509"]]
  ↳ app/controllers/users_controller.rb:24
  [1m[35m (7.9ms)[0m  [1m[35mCOMMIT[0m
  ↳ app/controllers/users_controller.rb:24
Redirected to http://localhost:3000/subs
Completed 302 Found in 589ms (ActiveRecord: 20.5ms)


Started GET "/subs" for ::1 at 2020-01-30 16:11:01 -0800

SyntaxError - syntax error, unexpected end-of-input, expecting keyword_end:
  app/controllers/subs_controller.rb:68:in `'

Started POST "/__better_errors/648b5a8b658827d1/variables" for ::1 at 2020-01-30 16:11:01 -0800
Started POST "/users" for ::1 at 2020-01-30 16:13:25 -0800
Processing by UsersController#create as HTML
  Parameters: {"authenticity_token"=>"ZhQc53R1wcbgpiFplA+MoU3FLq3T1maTv9hj0GJaUyWuf0GySI7EIkiyl8Mt2jTyHewRKzlHkMFAH0/EDBWq8Q==", "user"=>{"username"=>"jaya2", "password"=>"[FILTERED]"}}
  [1m[35m (0.2ms)[0m  [1m[35mBEGIN[0m
  ↳ app/controllers/users_controller.rb:24
  [1m[36mUser Exists (0.4ms)[0m  [1m[34mSELECT  1 AS one FROM "users" WHERE "users"."username" = $1 LIMIT $2[0m  [["username", "jaya2"], ["LIMIT", 1]]
  ↳ app/controllers/users_controller.rb:24
  [1m[36mUser Create (0.5ms)[0m  [1m[32mINSERT INTO "users" ("username", "password_digest", "session_token", "created_at", "updated_at") VALUES ($1, $2, $3, $4, $5) RETURNING "id"[0m  [["username", "jaya2"], ["password_digest", "$2a$12$uxzp2RKBxY3MK53XZlyJcuFADGYWOur/s0JaXRpJsmt2Vt.r4fbVy"], ["session_token", "FOmej8FrmL8TpCUzE63fUw"], ["created_at", "2020-01-31 00:13:25.773157"], ["updated_at", "2020-01-31 00:13:25.773157"]]
  ↳ app/controllers/users_controller.rb:24
  [1m[35m (3.8ms)[0m  [1m[35mCOMMIT[0m
  ↳ app/controllers/users_controller.rb:24
Redirected to http://localhost:3000/subs
Completed 302 Found in 489ms (ActiveRecord: 46.4ms)


Started GET "/subs" for ::1 at 2020-01-30 16:13:25 -0800
Processing by SubsController#index as HTML
  Rendering subs/index.html.erb within layouts/application
  [1m[36mSub Load (2.2ms)[0m  [1m[34mSELECT "subs".* FROM "subs"[0m
  ↳ app/views/subs/index.html.erb:4
  Rendered subs/index.html.erb within layouts/application (9.5ms)
Completed 200 OK in 225ms (Views: 172.3ms | ActiveRecord: 4.3ms)


Started POST "/users" for ::1 at 2020-01-30 16:18:26 -0800
Processing by UsersController#create as HTML
  Parameters: {"authenticity_token"=>"ZhQc53R1wcbgpiFplA+MoU3FLq3T1maTv9hj0GJaUyWuf0GySI7EIkiyl8Mt2jTyHewRKzlHkMFAH0/EDBWq8Q==", "user"=>{"username"=>"jaya4", "password"=>"[FILTERED]"}}
  [1m[35m (0.3ms)[0m  [1m[35mBEGIN[0m
  ↳ app/controllers/users_controller.rb:24
  [1m[36mUser Exists (0.5ms)[0m  [1m[34mSELECT  1 AS one FROM "users" WHERE "users"."username" = $1 LIMIT $2[0m  [["username", "jaya4"], ["LIMIT", 1]]
  ↳ app/controllers/users_controller.rb:24
  [1m[36mUser Create (88.0ms)[0m  [1m[32mINSERT INTO "users" ("username", "password_digest", "session_token", "created_at", "updated_at") VALUES ($1, $2, $3, $4, $5) RETURNING "id"[0m  [["username", "jaya4"], ["password_digest", "$2a$12$94psKuRpM16I/pJlbi84UOgKIzMnEUw4DPl1A7bhr6pttrTBP80fO"], ["session_token", "h8NDdSPGi1s57yGEVXRigg"], ["created_at", "2020-01-31 00:18:27.744996"], ["updated_at", "2020-01-31 00:18:27.744996"]]
  ↳ app/controllers/users_controller.rb:24
  [1m[35m (5.5ms)[0m  [1m[35mCOMMIT[0m
  ↳ app/controllers/users_controller.rb:24
Redirected to http://localhost:3000/subs
Completed 302 Found in 755ms (ActiveRecord: 111.5ms)


Started GET "/subs" for ::1 at 2020-01-30 16:18:28 -0800
Processing by SubsController#index as HTML
  Rendering subs/index.html.erb within layouts/application
  [1m[36mSub Load (0.8ms)[0m  [1m[34mSELECT "subs".* FROM "subs"[0m
  ↳ app/views/subs/index.html.erb:4
  Rendered subs/index.html.erb within layouts/application (21.3ms)
Completed 200 OK in 367ms (Views: 331.4ms | ActiveRecord: 4.6ms)


Started GET "/subs" for ::1 at 2020-01-30 16:19:16 -0800
Processing by SubsController#index as HTML
  Rendering subs/index.html.erb within layouts/application
  [1m[36mSub Load (1.1ms)[0m  [1m[34mSELECT "subs".* FROM "subs"[0m
  ↳ app/views/subs/index.html.erb:4
  Rendered subs/index.html.erb within layouts/application (102.8ms)
Completed 200 OK in 308ms (Views: 255.2ms | ActiveRecord: 11.6ms)


Started POST "/users" for ::1 at 2020-01-30 16:19:34 -0800
Processing by UsersController#create as HTML
  Parameters: {"authenticity_token"=>"ZhQc53R1wcbgpiFplA+MoU3FLq3T1maTv9hj0GJaUyWuf0GySI7EIkiyl8Mt2jTyHewRKzlHkMFAH0/EDBWq8Q==", "user"=>{"username"=>"jaya5", "password"=>"[FILTERED]"}}
  [1m[35m (0.2ms)[0m  [1m[35mBEGIN[0m
  ↳ app/controllers/users_controller.rb:22
  [1m[36mUser Exists (0.9ms)[0m  [1m[34mSELECT  1 AS one FROM "users" WHERE "users"."username" = $1 LIMIT $2[0m  [["username", "jaya5"], ["LIMIT", 1]]
  ↳ app/controllers/users_controller.rb:22
  [1m[36mUser Create (0.6ms)[0m  [1m[32mINSERT INTO "users" ("username", "password_digest", "session_token", "created_at", "updated_at") VALUES ($1, $2, $3, $4, $5) RETURNING "id"[0m  [["username", "jaya5"], ["password_digest", "$2a$12$glmYZUW.AbtAczTmH01uWO2v1SnJv5s2vXsq.5Us9ZfHFo9rQgRe2"], ["session_token", "viT8riJqwjkPdf0gRwmsFw"], ["created_at", "2020-01-31 00:19:35.279568"], ["updated_at", "2020-01-31 00:19:35.279568"]]
  ↳ app/controllers/users_controller.rb:22
  [1m[35m (1.9ms)[0m  [1m[35mCOMMIT[0m
  ↳ app/controllers/users_controller.rb:22
Redirected to http://localhost:3000/subs
Completed 302 Found in 675ms (ActiveRecord: 18.1ms)


Started GET "/subs" for ::1 at 2020-01-30 16:19:35 -0800
Processing by SubsController#index as HTML
  Rendering subs/index.html.erb within layouts/application
  [1m[36mSub Load (0.6ms)[0m  [1m[34mSELECT "subs".* FROM "subs"[0m
  ↳ app/views/subs/index.html.erb:4
  Rendered subs/index.html.erb within layouts/application (32.8ms)
Completed 200 OK in 247ms (Views: 137.9ms | ActiveRecord: 10.3ms)


Started GET "/users/new" for 127.0.0.1 at 2020-01-30 16:21:38 -0800
Processing by UsersController#new as HTML
  Rendering users/new.html.erb within layouts/application
  Rendered users/new.html.erb within layouts/application (0.8ms)
Completed 200 OK in 129ms (Views: 78.6ms | ActiveRecord: 17.0ms)


Started POST "/__better_errors/286ee262ec578ce6/variables" for 127.0.0.1 at 2020-01-30 16:21:39 -0800
Started GET "/users/new" for 127.0.0.1 at 2020-01-30 16:21:41 -0800
Processing by UsersController#new as HTML
  Rendering users/new.html.erb within layouts/application
  Rendered users/new.html.erb within layouts/application (2.2ms)
Completed 200 OK in 125ms (Views: 123.2ms | ActiveRecord: 0.0ms)


Started POST "/users" for 127.0.0.1 at 2020-01-30 16:21:44 -0800
Processing by UsersController#create as HTML
  Parameters: {"authenticity_token"=>"QCPU0+iLx7iXest0nuf+tiPIvdT3D7bu5OJOWGYM4RzoUYDKHphKQ+G+ORI88PqUYyWX+Ifq1tycCkDInBPiFQ==", "user"=>{"username"=>"flkdsfjslkdj", "password"=>"[FILTERED]"}}
  [1m[35m (1.0ms)[0m  [1m[35mBEGIN[0m
  ↳ app/controllers/users_controller.rb:22
  [1m[36mUser Exists (0.6ms)[0m  [1m[34mSELECT  1 AS one FROM "users" WHERE "users"."username" = $1 LIMIT $2[0m  [["username", "flkdsfjslkdj"], ["LIMIT", 1]]
  ↳ app/controllers/users_controller.rb:22
  [1m[36mUser Create (0.5ms)[0m  [1m[32mINSERT INTO "users" ("username", "password_digest", "session_token", "created_at", "updated_at") VALUES ($1, $2, $3, $4, $5) RETURNING "id"[0m  [["username", "flkdsfjslkdj"], ["password_digest", "$2a$12$.US7OrtyFzARwjCrh1WqI.D0RCNboDeJb9mZepWbzJ1G8dOf.izyu"], ["session_token", "9q4pxQtopYgFK-tb4MSyNw"], ["created_at", "2020-01-31 00:21:45.426998"], ["updated_at", "2020-01-31 00:21:45.426998"]]
  ↳ app/controllers/users_controller.rb:22
  [1m[35m (1.2ms)[0m  [1m[35mCOMMIT[0m
  ↳ app/controllers/users_controller.rb:22
Redirected to http://localhost:3000/subs
Completed 302 Found in 431ms (ActiveRecord: 3.2ms)


Started GET "/subs" for 127.0.0.1 at 2020-01-30 16:21:45 -0800
Processing by SubsController#index as HTML
  Rendering subs/index.html.erb within layouts/application
  [1m[36mSub Load (0.5ms)[0m  [1m[34mSELECT "subs".* FROM "subs"[0m
  ↳ app/views/subs/index.html.erb:4
  Rendered subs/index.html.erb within layouts/application (6.0ms)
Completed 200 OK in 161ms (Views: 144.3ms | ActiveRecord: 3.6ms)


Started GET "/subs" for ::1 at 2020-01-30 16:28:41 -0800
Processing by SubsController#index as HTML
  Rendering subs/index.html.erb within layouts/application
  [1m[36mSub Load (2.7ms)[0m  [1m[34mSELECT "subs".* FROM "subs"[0m
  ↳ app/views/subs/index.html.erb:4
  Rendered subs/index.html.erb within layouts/application (35.1ms)
Completed 200 OK in 198ms (Views: 193.4ms | ActiveRecord: 2.7ms)


Started GET "/subs" for 127.0.0.1 at 2020-01-30 16:28:44 -0800
Processing by SubsController#index as HTML
  Rendering subs/index.html.erb within layouts/application
  [1m[36mSub Load (2.6ms)[0m  [1m[34mSELECT "subs".* FROM "subs"[0m
  ↳ app/views/subs/index.html.erb:4
  Rendered subs/index.html.erb within layouts/application (5.0ms)
Completed 200 OK in 77ms (Views: 73.8ms | ActiveRecord: 2.6ms)


Started GET "/subs/new" for ::1 at 2020-01-30 16:28:46 -0800
Processing by SubsController#new as HTML
  Rendering subs/new.html.erb within layouts/application
  Rendered subs/new.html.erb within layouts/application (1.0ms)
Completed 200 OK in 213ms (Views: 145.2ms | ActiveRecord: 36.3ms)


Started GET "/subs/new" for ::1 at 2020-01-30 16:29:36 -0800
Processing by SubsController#new as HTML
  Rendering subs/new.html.erb within layouts/application
  Rendered subs/new.html.erb within layouts/application (1.4ms)
Completed 200 OK in 143ms (Views: 142.0ms | ActiveRecord: 0.0ms)


Started GET "/subs" for 127.0.0.1 at 2020-01-30 16:29:40 -0800
Processing by SubsController#index as HTML
  Rendering subs/index.html.erb within layouts/application
  [1m[36mSub Load (1.8ms)[0m  [1m[34mSELECT "subs".* FROM "subs"[0m
  ↳ app/views/subs/index.html.erb:4
  Rendered subs/index.html.erb within layouts/application (10.2ms)
Completed 200 OK in 119ms (Views: 116.6ms | ActiveRecord: 1.8ms)


Started POST "/subs" for ::1 at 2020-01-30 16:29:45 -0800
Processing by SubsController#create as HTML
  Parameters: {"authenticity_token"=>"5l08B5yBiypQcGxdfD6FjMoXJZeIWuwsBbi2h5BIOK8uNmFSoHqOzvhk2vfF6z3fmj4aEWLLGn76f5qT/gfBew==", "sub"=>{"title"=>"test sub", "description"=>"asfgaswg"}}
Completed 500 Internal Server Error in 501ms (ActiveRecord: 0.0ms)



NameError - undefined local variable or method `ensure_logged_in' for #<SubsController:0x00007fb0a78a39f0>
Did you mean?  ensure_logged_in?:
  app/controllers/subs_controller.rb:27:in `create'

Started GET "/subs/new" for 127.0.0.1 at 2020-01-30 16:29:46 -0800
Processing by SubsController#new as HTML
  Rendering subs/new.html.erb within layouts/application
  Rendered subs/new.html.erb within layouts/application (1.1ms)
Completed 200 OK in 328ms (Views: 326.7ms | ActiveRecord: 0.0ms)


Started POST "/__better_errors/06cf498fc507e701/variables" for ::1 at 2020-01-30 16:29:47 -0800
Started POST "/subs" for 127.0.0.1 at 2020-01-30 16:29:50 -0800
Processing by SubsController#create as HTML
  Parameters: {"authenticity_token"=>"h4RuMrD9dDiV08IpnJ/vqf5gEZyWpWf1G4uptigbdZYv9jorRu75w+MXME8+iOuLvo07sOZAB8djY6cm0gR2nw==", "sub"=>{"title"=>"dfsfd", "description"=>"dfsdfdsfs"}}
Completed 500 Internal Server Error in 469ms (ActiveRecord: 0.0ms)



NameError - undefined local variable or method `ensure_logged_in' for #<SubsController:0x00007fb0a3b12870>
Did you mean?  ensure_logged_in?:
  app/controllers/subs_controller.rb:27:in `create'

Started POST "/__better_errors/47ca294cf50689da/variables" for 127.0.0.1 at 2020-01-30 16:29:51 -0800
Started GET "/subs/new" for ::1 at 2020-01-30 16:30:19 -0800
Processing by SubsController#new as HTML
  Rendering subs/new.html.erb within layouts/application
  Rendered subs/new.html.erb within layouts/application (0.7ms)
Completed 200 OK in 210ms (Views: 115.8ms | ActiveRecord: 15.7ms)


Started POST "/subs" for 127.0.0.1 at 2020-01-30 16:30:22 -0800
Processing by SubsController#create as HTML
  Parameters: {"authenticity_token"=>"h4RuMrD9dDiV08IpnJ/vqf5gEZyWpWf1G4uptigbdZYv9jorRu75w+MXME8+iOuLvo07sOZAB8djY6cm0gR2nw==", "sub"=>{"title"=>"dfsfd", "description"=>"dfsdfdsfs"}}
Redirected to http://localhost:3000/session/new
Completed 500 Internal Server Error in 7ms (ActiveRecord: 0.0ms)



NoMethodError - undefined method `id' for nil:NilClass:
  app/controllers/subs_controller.rb:29:in `create'

Started POST "/__better_errors/9d7b34962d78e7c4/variables" for 127.0.0.1 at 2020-01-30 16:30:22 -0800
Started POST "/subs" for ::1 at 2020-01-30 16:30:24 -0800
Processing by SubsController#create as HTML
  Parameters: {"authenticity_token"=>"BktKCmabl99AmXTLPea5op79GkEvyhEoHqWmkT7yMhvOIBdfWmCSO+iNwmGEMwHxztQlx8Vb53rhYoqFUL3Lzw==", "sub"=>{"title"=>"ergsegh", "description"=>"dfgbsdfg"}}
Redirected to http://localhost:3000/session/new
Completed 500 Internal Server Error in 7ms (ActiveRecord: 0.0ms)



NoMethodError - undefined method `id' for nil:NilClass:
  app/controllers/subs_controller.rb:29:in `create'

Started POST "/__better_errors/531bdc0827817c98/variables" for ::1 at 2020-01-30 16:30:25 -0800
Started POST "/subs" for 127.0.0.1 at 2020-01-30 16:32:08 -0800
Processing by SubsController#create as HTML
  Parameters: {"authenticity_token"=>"h4RuMrD9dDiV08IpnJ/vqf5gEZyWpWf1G4uptigbdZYv9jorRu75w+MXME8+iOuLvo07sOZAB8djY6cm0gR2nw==", "sub"=>{"title"=>"dfsfd", "description"=>"dfsdfdsfs"}}
Redirected to http://localhost:3000/session/new
Completed 500 Internal Server Error in 41ms (ActiveRecord: 16.5ms)



NoMethodError - undefined method `id' for nil:NilClass:
  app/controllers/subs_controller.rb:29:in `create'

Started POST "/__better_errors/d998adb2aa747714/variables" for 127.0.0.1 at 2020-01-30 16:32:08 -0800
Started POST "/subs" for 127.0.0.1 at 2020-01-30 16:32:11 -0800
Processing by SubsController#create as HTML
  Parameters: {"authenticity_token"=>"h4RuMrD9dDiV08IpnJ/vqf5gEZyWpWf1G4uptigbdZYv9jorRu75w+MXME8+iOuLvo07sOZAB8djY6cm0gR2nw==", "sub"=>{"title"=>"dfsfd", "description"=>"dfsdfdsfs"}}
Redirected to http://localhost:3000/session/new
Completed 500 Internal Server Error in 5ms (ActiveRecord: 0.0ms)



NoMethodError - undefined method `id' for nil:NilClass:
  app/controllers/subs_controller.rb:29:in `create'

Started POST "/__better_errors/a101e215745afbad/variables" for 127.0.0.1 at 2020-01-30 16:32:11 -0800
Started GET "/subs/new" for ::1 at 2020-01-30 16:32:11 -0800
Processing by SubsController#new as HTML
  Rendering subs/new.html.erb within layouts/application
  Rendered subs/new.html.erb within layouts/application (1.9ms)
Completed 200 OK in 135ms (Views: 133.8ms | ActiveRecord: 0.0ms)


Started POST "/__better_errors/286ee262ec578ce6/variables" for 127.0.0.1 at 2020-01-30 16:32:15 -0800
Started POST "/subs" for ::1 at 2020-01-30 16:32:16 -0800
Processing by SubsController#create as HTML
  Parameters: {"authenticity_token"=>"iXtSObSPNTJO1csgjXkvkxOXN1YXjq07PGQeHIOCdL9BEA9siHQw1ubBfYo0rJfAQ74I0P0fW2nDozII7c2Naw==", "sub"=>{"title"=>"asdfszdfgv", "description"=>"dfbgadsfg"}}
Redirected to http://localhost:3000/session/new
Completed 500 Internal Server Error in 5ms (ActiveRecord: 0.0ms)



NoMethodError - undefined method `id' for nil:NilClass:
  app/controllers/subs_controller.rb:29:in `create'

Started POST "/__better_errors/aace83593880f3c4/variables" for ::1 at 2020-01-30 16:32:16 -0800
Started GET "/users/new" for 127.0.0.1 at 2020-01-30 16:32:18 -0800
Processing by UsersController#new as HTML
  Rendering users/new.html.erb within layouts/application
  Rendered users/new.html.erb within layouts/application (1.0ms)
Completed 200 OK in 124ms (Views: 85.2ms | ActiveRecord: 10.5ms)


Started POST "/users" for 127.0.0.1 at 2020-01-30 16:32:23 -0800
Processing by UsersController#create as HTML
  Parameters: {"authenticity_token"=>"MQI1uceyUgVg4sgPGa+k4eJE8U6APV38gm3ryMFb0DOZcGGgMaHf/hYmOmm7uKDDoqnbYvDYPc76heVYO0TTOg==", "user"=>{"username"=>"fjkdlsfjlsdkj", "password"=>"[FILTERED]"}}
  [1m[35m (0.2ms)[0m  [1m[35mBEGIN[0m
  ↳ app/controllers/users_controller.rb:22
  [1m[36mUser Exists (2.3ms)[0m  [1m[34mSELECT  1 AS one FROM "users" WHERE "users"."username" = $1 LIMIT $2[0m  [["username", "fjkdlsfjlsdkj"], ["LIMIT", 1]]
  ↳ app/controllers/users_controller.rb:22
  [1m[36mUser Create (0.7ms)[0m  [1m[32mINSERT INTO "users" ("username", "password_digest", "session_token", "created_at", "updated_at") VALUES ($1, $2, $3, $4, $5) RETURNING "id"[0m  [["username", "fjkdlsfjlsdkj"], ["password_digest", "$2a$12$HoaYRXO0plsLx1lnapO6D.MsrfWRhqz2OO0eIqfvQP5uPfcVyIVc2"], ["session_token", "e5CnvIl9Eg7kIa16H7CKzA"], ["created_at", "2020-01-31 00:32:23.379012"], ["updated_at", "2020-01-31 00:32:23.379012"]]
  ↳ app/controllers/users_controller.rb:22
  [1m[35m (1.8ms)[0m  [1m[35mCOMMIT[0m
  ↳ app/controllers/users_controller.rb:22
Completed 500 Internal Server Error in 644ms (ActiveRecord: 5.0ms)



NameError - undefined local variable or method `user' for #<UsersController:0x00007fb0a5474b10>
Did you mean?  @user:
  app/controllers/users_controller.rb:24:in `create'

Started POST "/__better_errors/d5a8c4e39ad04713/variables" for 127.0.0.1 at 2020-01-30 16:32:24 -0800
Started GET "/users/1/subs/new" for ::1 at 2020-01-30 16:32:35 -0800
  
ActionController::RoutingError (No route matches [GET] "/users/1/subs/new"):
  
actionpack (5.2.4.1) lib/action_dispatch/middleware/debug_exceptions.rb:65:in `call'
web-console (3.7.0) lib/web_console/middleware.rb:135:in `call_app'
web-console (3.7.0) lib/web_console/middleware.rb:30:in `block in call'
web-console (3.7.0) lib/web_console/middleware.rb:20:in `catch'
web-console (3.7.0) lib/web_console/middleware.rb:20:in `call'
actionpack (5.2.4.1) lib/action_dispatch/middleware/show_exceptions.rb:33:in `call'
railties (5.2.4.1) lib/rails/rack/logger.rb:38:in `call_app'
railties (5.2.4.1) lib/rails/rack/logger.rb:26:in `block in call'
activesupport (5.2.4.1) lib/active_support/tagged_logging.rb:71:in `block in tagged'
activesupport (5.2.4.1) lib/active_support/tagged_logging.rb:28:in `tagged'
activesupport (5.2.4.1) lib/active_support/tagged_logging.rb:71:in `tagged'
railties (5.2.4.1) lib/rails/rack/logger.rb:26:in `call'
sprockets-rails (3.2.1) lib/sprockets/rails/quiet_assets.rb:13:in `call'
actionpack (5.2.4.1) lib/action_dispatch/middleware/remote_ip.rb:81:in `call'
actionpack (5.2.4.1) lib/action_dispatch/middleware/request_id.rb:27:in `call'
rack (2.1.2) lib/rack/method_override.rb:24:in `call'
rack (2.1.2) lib/rack/runtime.rb:24:in `call'
activesupport (5.2.4.1) lib/active_support/cache/strategy/local_cache_middleware.rb:29:in `call'
actionpack (5.2.4.1) lib/action_dispatch/middleware/executor.rb:14:in `call'
actionpack (5.2.4.1) lib/action_dispatch/middleware/static.rb:127:in `call'
rack (2.1.2) lib/rack/sendfile.rb:113:in `call'
railties (5.2.4.1) lib/rails/engine.rb:524:in `call'
puma (3.12.2) lib/puma/configuration.rb:227:in `call'
puma (3.12.2) lib/puma/server.rb:674:in `handle_request'
puma (3.12.2) lib/puma/server.rb:476:in `process_client'
puma (3.12.2) lib/puma/server.rb:334:in `block in run'
puma (3.12.2) lib/puma/thread_pool.rb:135:in `block in spawn_thread'
Started GET "/users/new" for 127.0.0.1 at 2020-01-30 16:33:01 -0800
Processing by UsersController#new as HTML
  Rendering users/new.html.erb within layouts/application
  Rendered users/new.html.erb within layouts/application (1.3ms)
Completed 200 OK in 192ms (Views: 117.2ms | ActiveRecord: 20.9ms)


Started GET "/users/1/subs/new" for ::1 at 2020-01-30 16:33:06 -0800
  
ActionController::RoutingError (No route matches [GET] "/users/1/subs/new"):
  
actionpack (5.2.4.1) lib/action_dispatch/middleware/debug_exceptions.rb:65:in `call'
web-console (3.7.0) lib/web_console/middleware.rb:135:in `call_app'
web-console (3.7.0) lib/web_console/middleware.rb:30:in `block in call'
web-console (3.7.0) lib/web_console/middleware.rb:20:in `catch'
web-console (3.7.0) lib/web_console/middleware.rb:20:in `call'
actionpack (5.2.4.1) lib/action_dispatch/middleware/show_exceptions.rb:33:in `call'
railties (5.2.4.1) lib/rails/rack/logger.rb:38:in `call_app'
railties (5.2.4.1) lib/rails/rack/logger.rb:26:in `block in call'
activesupport (5.2.4.1) lib/active_support/tagged_logging.rb:71:in `block in tagged'
activesupport (5.2.4.1) lib/active_support/tagged_logging.rb:28:in `tagged'
activesupport (5.2.4.1) lib/active_support/tagged_logging.rb:71:in `tagged'
railties (5.2.4.1) lib/rails/rack/logger.rb:26:in `call'
sprockets-rails (3.2.1) lib/sprockets/rails/quiet_assets.rb:13:in `call'
actionpack (5.2.4.1) lib/action_dispatch/middleware/remote_ip.rb:81:in `call'
actionpack (5.2.4.1) lib/action_dispatch/middleware/request_id.rb:27:in `call'
rack (2.1.2) lib/rack/method_override.rb:24:in `call'
rack (2.1.2) lib/rack/runtime.rb:24:in `call'
activesupport (5.2.4.1) lib/active_support/cache/strategy/local_cache_middleware.rb:29:in `call'
actionpack (5.2.4.1) lib/action_dispatch/middleware/executor.rb:14:in `call'
actionpack (5.2.4.1) lib/action_dispatch/middleware/static.rb:127:in `call'
rack (2.1.2) lib/rack/sendfile.rb:113:in `call'
railties (5.2.4.1) lib/rails/engine.rb:524:in `call'
puma (3.12.2) lib/puma/configuration.rb:227:in `call'
puma (3.12.2) lib/puma/server.rb:674:in `handle_request'
puma (3.12.2) lib/puma/server.rb:476:in `process_client'
puma (3.12.2) lib/puma/server.rb:334:in `block in run'
puma (3.12.2) lib/puma/thread_pool.rb:135:in `block in spawn_thread'
Started POST "/users" for 127.0.0.1 at 2020-01-30 16:33:07 -0800
Processing by UsersController#create as HTML
  Parameters: {"authenticity_token"=>"KFmwv79NkwpHBrcN8gtT8U7dMbx6B03rFrLXU1MIRSCAK+SmSV4e8THCRWtQHFfTDjAbkAriLdluWtnDqRdGKQ==", "user"=>{"username"=>"asdfghjk", "password"=>"[FILTERED]"}}
  [1m[35m (0.4ms)[0m  [1m[35mBEGIN[0m
  ↳ app/controllers/users_controller.rb:22
  [1m[36mUser Exists (1.8ms)[0m  [1m[34mSELECT  1 AS one FROM "users" WHERE "users"."username" = $1 LIMIT $2[0m  [["username", "asdfghjk"], ["LIMIT", 1]]
  ↳ app/controllers/users_controller.rb:22
  [1m[36mUser Create (8.0ms)[0m  [1m[32mINSERT INTO "users" ("username", "password_digest", "session_token", "created_at", "updated_at") VALUES ($1, $2, $3, $4, $5) RETURNING "id"[0m  [["username", "asdfghjk"], ["password_digest", "$2a$12$0f8/JMRoXjttf5hyEZNBpejY3aMJm2YsbOr7Nv3x8U8viyTsjkJxS"], ["session_token", "BRdcUsJOyF_FzNAm4eau5g"], ["created_at", "2020-01-31 00:33:08.520138"], ["updated_at", "2020-01-31 00:33:08.520138"]]
  ↳ app/controllers/users_controller.rb:22
  [1m[35m (28.3ms)[0m  [1m[35mCOMMIT[0m
  ↳ app/controllers/users_controller.rb:22
  [1m[35m (0.3ms)[0m  [1m[35mBEGIN[0m
  ↳ app/models/user.rb:31
  [1m[36mUser Exists (0.7ms)[0m  [1m[34mSELECT  1 AS one FROM "users" WHERE "users"."username" = $1 AND "users"."id" != $2 LIMIT $3[0m  [["username", "asdfghjk"], ["id", 10], ["LIMIT", 1]]
  ↳ app/models/user.rb:31
  [1m[36mUser Update (1.0ms)[0m  [1m[33mUPDATE "users" SET "session_token" = $1, "updated_at" = $2 WHERE "users"."id" = $3[0m  [["session_token", "2Mlc60PWfvG5KHMYSUQDLA"], ["updated_at", "2020-01-31 00:33:08.637292"], ["id", 10]]
  ↳ app/models/user.rb:31
  [1m[35m (2.1ms)[0m  [1m[35mCOMMIT[0m
  ↳ app/models/user.rb:31
Redirected to http://localhost:3000/subs
Completed 302 Found in 833ms (ActiveRecord: 42.5ms)


Started GET "/subs" for 127.0.0.1 at 2020-01-30 16:33:08 -0800
Processing by SubsController#index as HTML
  Rendering subs/index.html.erb within layouts/application
  [1m[36mSub Load (0.7ms)[0m  [1m[34mSELECT "subs".* FROM "subs"[0m
  ↳ app/views/subs/index.html.erb:4
  Rendered subs/index.html.erb within layouts/application (15.5ms)
Completed 200 OK in 306ms (Views: 288.4ms | ActiveRecord: 6.4ms)


Started GET "/subs/new" for 127.0.0.1 at 2020-01-30 16:33:14 -0800
Processing by SubsController#new as HTML
  Rendering subs/new.html.erb within layouts/application
  Rendered subs/new.html.erb within layouts/application (0.8ms)
Completed 200 OK in 340ms (Views: 324.2ms | ActiveRecord: 0.0ms)


Started POST "/subs" for 127.0.0.1 at 2020-01-30 16:33:18 -0800
Processing by SubsController#create as HTML
  Parameters: {"authenticity_token"=>"9v8nan364s31022CcZsx5cs4szXjqDgFlOyOarxFilpejXNzi+lvNoMXn+TTjDXHi9WZGZNNWDfsBID6RlqJUw==", "sub"=>{"title"=>"asdfghjk", "description"=>"asdfghjkl"}}
  [1m[36mUser Load (0.6ms)[0m  [1m[34mSELECT  "users".* FROM "users" WHERE "users"."session_token" = $1 LIMIT $2[0m  [["session_token", "2Mlc60PWfvG5KHMYSUQDLA"], ["LIMIT", 1]]
  ↳ app/controllers/application_controller.rb:8
  [1m[35m (0.1ms)[0m  [1m[35mBEGIN[0m
  ↳ app/controllers/subs_controller.rb:31
  [1m[36mUser Load (0.7ms)[0m  [1m[34mSELECT  "users".* FROM "users" WHERE "users"."id" = $1 LIMIT $2[0m  [["id", 10], ["LIMIT", 1]]
  ↳ app/controllers/subs_controller.rb:31
  [1m[36mSub Create (37.3ms)[0m  [1m[32mINSERT INTO "subs" ("title", "description", "moderator_id", "created_at", "updated_at") VALUES ($1, $2, $3, $4, $5) RETURNING "id"[0m  [["title", "asdfghjk"], ["description", "asdfghjkl"], ["moderator_id", 10], ["created_at", "2020-01-31 00:33:18.547661"], ["updated_at", "2020-01-31 00:33:18.547661"]]
  ↳ app/controllers/subs_controller.rb:31
  [1m[35m (21.7ms)[0m  [1m[35mCOMMIT[0m
  ↳ app/controllers/subs_controller.rb:31
Redirected to http://localhost:3000/subs/1
Completed 302 Found in 155ms (ActiveRecord: 65.4ms)


Started GET "/subs/1" for 127.0.0.1 at 2020-01-30 16:33:18 -0800
Processing by SubsController#show as HTML
  Parameters: {"id"=>"1"}
  [1m[36mSub Load (0.6ms)[0m  [1m[34mSELECT  "subs".* FROM "subs" WHERE "subs"."id" = $1 LIMIT $2[0m  [["id", 1], ["LIMIT", 1]]
  ↳ app/controllers/subs_controller.rb:17
Redirected to http://localhost:3000/subs/1
Completed 302 Found in 40ms (ActiveRecord: 0.6ms)


Started GET "/subs/1" for 127.0.0.1 at 2020-01-30 16:33:18 -0800
Processing by SubsController#show as HTML
  Parameters: {"id"=>"1"}
  [1m[36mSub Load (0.8ms)[0m  [1m[34mSELECT  "subs".* FROM "subs" WHERE "subs"."id" = $1 LIMIT $2[0m  [["id", 1], ["LIMIT", 1]]
  ↳ app/controllers/subs_controller.rb:17
Redirected to http://localhost:3000/subs/1
Completed 302 Found in 4ms (ActiveRecord: 0.8ms)


Started GET "/subs/1" for 127.0.0.1 at 2020-01-30 16:33:19 -0800
Processing by SubsController#show as HTML
  Parameters: {"id"=>"1"}
  [1m[36mSub Load (0.5ms)[0m  [1m[34mSELECT  "subs".* FROM "subs" WHERE "subs"."id" = $1 LIMIT $2[0m  [["id", 1], ["LIMIT", 1]]
  ↳ app/controllers/subs_controller.rb:17
Redirected to http://localhost:3000/subs/1
Completed 302 Found in 11ms (ActiveRecord: 0.5ms)


Started GET "/subs/1" for 127.0.0.1 at 2020-01-30 16:33:19 -0800
Processing by SubsController#show as HTML
  Parameters: {"id"=>"1"}
  [1m[36mSub Load (0.5ms)[0m  [1m[34mSELECT  "subs".* FROM "subs" WHERE "subs"."id" = $1 LIMIT $2[0m  [["id", 1], ["LIMIT", 1]]
  ↳ app/controllers/subs_controller.rb:17
Redirected to http://localhost:3000/subs/1
Completed 302 Found in 6ms (ActiveRecord: 0.5ms)


Started GET "/subs/1" for 127.0.0.1 at 2020-01-30 16:33:19 -0800
Processing by SubsController#show as HTML
  Parameters: {"id"=>"1"}
  [1m[36mSub Load (0.4ms)[0m  [1m[34mSELECT  "subs".* FROM "subs" WHERE "subs"."id" = $1 LIMIT $2[0m  [["id", 1], ["LIMIT", 1]]
  ↳ app/controllers/subs_controller.rb:17
Redirected to http://localhost:3000/subs/1
Completed 302 Found in 2ms (ActiveRecord: 0.4ms)


Started GET "/subs/1" for 127.0.0.1 at 2020-01-30 16:33:19 -0800
Processing by SubsController#show as HTML
  Parameters: {"id"=>"1"}
  [1m[36mSub Load (0.4ms)[0m  [1m[34mSELECT  "subs".* FROM "subs" WHERE "subs"."id" = $1 LIMIT $2[0m  [["id", 1], ["LIMIT", 1]]
  ↳ app/controllers/subs_controller.rb:17
Redirected to http://localhost:3000/subs/1
Completed 302 Found in 2ms (ActiveRecord: 0.4ms)


Started GET "/subs/1" for 127.0.0.1 at 2020-01-30 16:33:19 -0800
Processing by SubsController#show as HTML
  Parameters: {"id"=>"1"}
  [1m[36mSub Load (1.2ms)[0m  [1m[34mSELECT  "subs".* FROM "subs" WHERE "subs"."id" = $1 LIMIT $2[0m  [["id", 1], ["LIMIT", 1]]
  ↳ app/controllers/subs_controller.rb:17
Redirected to http://localhost:3000/subs/1
Completed 302 Found in 4ms (ActiveRecord: 1.2ms)


Started GET "/subs/1" for 127.0.0.1 at 2020-01-30 16:33:19 -0800
Processing by SubsController#show as HTML
  Parameters: {"id"=>"1"}
  [1m[36mSub Load (0.3ms)[0m  [1m[34mSELECT  "subs".* FROM "subs" WHERE "subs"."id" = $1 LIMIT $2[0m  [["id", 1], ["LIMIT", 1]]
  ↳ app/controllers/subs_controller.rb:17
Redirected to http://localhost:3000/subs/1
Completed 302 Found in 3ms (ActiveRecord: 0.3ms)


Started GET "/subs/1" for 127.0.0.1 at 2020-01-30 16:33:19 -0800
Processing by SubsController#show as HTML
  Parameters: {"id"=>"1"}
  [1m[36mSub Load (0.4ms)[0m  [1m[34mSELECT  "subs".* FROM "subs" WHERE "subs"."id" = $1 LIMIT $2[0m  [["id", 1], ["LIMIT", 1]]
  ↳ app/controllers/subs_controller.rb:17
Redirected to http://localhost:3000/subs/1
Completed 302 Found in 11ms (ActiveRecord: 0.4ms)


Started GET "/subs/1" for 127.0.0.1 at 2020-01-30 16:33:20 -0800
Processing by SubsController#show as HTML
  Parameters: {"id"=>"1"}
  [1m[36mSub Load (0.3ms)[0m  [1m[34mSELECT  "subs".* FROM "subs" WHERE "subs"."id" = $1 LIMIT $2[0m  [["id", 1], ["LIMIT", 1]]
  ↳ app/controllers/subs_controller.rb:17
Redirected to http://localhost:3000/subs/1
Completed 302 Found in 2ms (ActiveRecord: 0.3ms)


Started GET "/subs/1" for 127.0.0.1 at 2020-01-30 16:33:20 -0800
Processing by SubsController#show as HTML
  Parameters: {"id"=>"1"}
  [1m[36mSub Load (0.6ms)[0m  [1m[34mSELECT  "subs".* FROM "subs" WHERE "subs"."id" = $1 LIMIT $2[0m  [["id", 1], ["LIMIT", 1]]
  ↳ app/controllers/subs_controller.rb:17
Redirected to http://localhost:3000/subs/1
Completed 302 Found in 4ms (ActiveRecord: 0.6ms)


Started GET "/subs/1" for 127.0.0.1 at 2020-01-30 16:33:20 -0800
Processing by SubsController#show as HTML
  Parameters: {"id"=>"1"}
  [1m[36mSub Load (3.0ms)[0m  [1m[34mSELECT  "subs".* FROM "subs" WHERE "subs"."id" = $1 LIMIT $2[0m  [["id", 1], ["LIMIT", 1]]
  ↳ app/controllers/subs_controller.rb:17
Redirected to http://localhost:3000/subs/1
Completed 302 Found in 6ms (ActiveRecord: 3.0ms)


Started GET "/subs/1" for 127.0.0.1 at 2020-01-30 16:33:20 -0800
Processing by SubsController#show as HTML
  Parameters: {"id"=>"1"}
  [1m[36mSub Load (4.3ms)[0m  [1m[34mSELECT  "subs".* FROM "subs" WHERE "subs"."id" = $1 LIMIT $2[0m  [["id", 1], ["LIMIT", 1]]
  ↳ app/controllers/subs_controller.rb:17
Redirected to http://localhost:3000/subs/1
Completed 302 Found in 6ms (ActiveRecord: 4.3ms)


Started GET "/subs/1" for 127.0.0.1 at 2020-01-30 16:33:20 -0800
Processing by SubsController#show as HTML
  Parameters: {"id"=>"1"}
  [1m[36mSub Load (0.3ms)[0m  [1m[34mSELECT  "subs".* FROM "subs" WHERE "subs"."id" = $1 LIMIT $2[0m  [["id", 1], ["LIMIT", 1]]
  ↳ app/controllers/subs_controller.rb:17
Redirected to http://localhost:3000/subs/1
Completed 302 Found in 3ms (ActiveRecord: 0.3ms)


Started GET "/subs/1" for 127.0.0.1 at 2020-01-30 16:33:20 -0800
Processing by SubsController#show as HTML
  Parameters: {"id"=>"1"}
  [1m[36mSub Load (0.8ms)[0m  [1m[34mSELECT  "subs".* FROM "subs" WHERE "subs"."id" = $1 LIMIT $2[0m  [["id", 1], ["LIMIT", 1]]
  ↳ app/controllers/subs_controller.rb:17
Redirected to http://localhost:3000/subs/1
Completed 302 Found in 4ms (ActiveRecord: 0.8ms)


Started GET "/subs/1" for 127.0.0.1 at 2020-01-30 16:33:20 -0800
Processing by SubsController#show as HTML
  Parameters: {"id"=>"1"}
  [1m[36mSub Load (0.2ms)[0m  [1m[34mSELECT  "subs".* FROM "subs" WHERE "subs"."id" = $1 LIMIT $2[0m  [["id", 1], ["LIMIT", 1]]
  ↳ app/controllers/subs_controller.rb:17
Redirected to http://localhost:3000/subs/1
Completed 302 Found in 6ms (ActiveRecord: 0.2ms)


Started GET "/subs/1" for 127.0.0.1 at 2020-01-30 16:33:20 -0800
Processing by SubsController#show as HTML
  Parameters: {"id"=>"1"}
  [1m[36mSub Load (0.4ms)[0m  [1m[34mSELECT  "subs".* FROM "subs" WHERE "subs"."id" = $1 LIMIT $2[0m  [["id", 1], ["LIMIT", 1]]
  ↳ app/controllers/subs_controller.rb:17
Redirected to http://localhost:3000/subs/1
Completed 302 Found in 2ms (ActiveRecord: 0.4ms)


Started GET "/subs/1" for 127.0.0.1 at 2020-01-30 16:33:21 -0800
Processing by SubsController#show as HTML
  Parameters: {"id"=>"1"}
  [1m[36mSub Load (8.1ms)[0m  [1m[34mSELECT  "subs".* FROM "subs" WHERE "subs"."id" = $1 LIMIT $2[0m  [["id", 1], ["LIMIT", 1]]
  ↳ app/controllers/subs_controller.rb:17
Redirected to http://localhost:3000/subs/1
Completed 302 Found in 11ms (ActiveRecord: 8.1ms)


Started GET "/subs/1" for 127.0.0.1 at 2020-01-30 16:33:21 -0800
Processing by SubsController#show as HTML
  Parameters: {"id"=>"1"}
  [1m[36mSub Load (0.3ms)[0m  [1m[34mSELECT  "subs".* FROM "subs" WHERE "subs"."id" = $1 LIMIT $2[0m  [["id", 1], ["LIMIT", 1]]
  ↳ app/controllers/subs_controller.rb:17
Redirected to http://localhost:3000/subs/1
Completed 302 Found in 3ms (ActiveRecord: 0.3ms)


Started GET "/subs/" for 127.0.0.1 at 2020-01-30 16:33:27 -0800
Processing by SubsController#index as HTML
  Rendering subs/index.html.erb within layouts/application
  [1m[36mSub Load (0.6ms)[0m  [1m[34mSELECT "subs".* FROM "subs"[0m
  ↳ app/views/subs/index.html.erb:4
  Rendered subs/index.html.erb within layouts/application (3.4ms)
Completed 200 OK in 202ms (Views: 201.0ms | ActiveRecord: 0.6ms)


Started POST "/__better_errors/aace83593880f3c4/variables" for ::1 at 2020-01-30 16:33:36 -0800
Started GET "/subs" for ::1 at 2020-01-30 16:33:38 -0800
Processing by SubsController#index as HTML
  Rendering subs/index.html.erb within layouts/application
  [1m[36mSub Load (23.6ms)[0m  [1m[34mSELECT "subs".* FROM "subs"[0m
  ↳ app/views/subs/index.html.erb:4
  Rendered subs/index.html.erb within layouts/application (27.7ms)
Completed 200 OK in 179ms (Views: 154.5ms | ActiveRecord: 23.6ms)


